{"level":"debug","message":"New database client connected","processID":357,"timestamp":"2025-07-07T14:36:14.182Z"}
{"level":"debug","message":"Client acquired from pool","processID":357,"timestamp":"2025-07-07T14:36:14.182Z"}
{"level":"debug","message":"Client released to pool","processID":357,"timestamp":"2025-07-07T14:36:14.185Z"}
{"level":"debug","message":"New database client connected","processID":358,"timestamp":"2025-07-07T14:36:25.590Z"}
{"level":"debug","message":"Client acquired from pool","processID":358,"timestamp":"2025-07-07T14:36:25.591Z"}
{"level":"info","message":"Database connected successfully","poolStatus":{"idleCount":0,"totalCount":1,"waitingCount":0},"timestamp":"2025-07-07T14:36:25.592Z","version":"PostgreSQL 15.13 on x86_64-pc-linux-musl, compiled by gcc (Alpine 14.2.0) 14.2.0, 64-bit"}
{"level":"debug","message":"Client released to pool","processID":358,"timestamp":"2025-07-07T14:36:25.594Z"}
{"level":"debug","message":"New database client connected","processID":359,"timestamp":"2025-07-07T14:36:38.635Z"}
{"level":"debug","message":"Client acquired from pool","processID":359,"timestamp":"2025-07-07T14:36:38.636Z"}
{"level":"info","message":"Database connected successfully","poolStatus":{"idleCount":0,"totalCount":1,"waitingCount":0},"timestamp":"2025-07-07T14:36:38.637Z","version":"PostgreSQL 15.13 on x86_64-pc-linux-musl, compiled by gcc (Alpine 14.2.0) 14.2.0, 64-bit"}
{"level":"debug","message":"Client released to pool","processID":359,"timestamp":"2025-07-07T14:36:38.640Z"}
{"level":"debug","message":"New database client connected","processID":360,"timestamp":"2025-07-07T14:36:46.131Z"}
{"level":"debug","message":"Client acquired from pool","processID":360,"timestamp":"2025-07-07T14:36:46.132Z"}
{"level":"info","message":"Database connected successfully","poolStatus":{"idleCount":0,"totalCount":1,"waitingCount":0},"timestamp":"2025-07-07T14:36:46.133Z","version":"PostgreSQL 15.13 on x86_64-pc-linux-musl, compiled by gcc (Alpine 14.2.0) 14.2.0, 64-bit"}
{"level":"debug","message":"Client released to pool","processID":360,"timestamp":"2025-07-07T14:36:46.136Z"}
{"idleCount":1,"level":"debug","message":"Database pool status","timestamp":"2025-07-07T14:37:16.047Z","totalCount":1,"waitingCount":0}
{"level":"debug","message":"New database client connected","processID":362,"timestamp":"2025-07-07T14:37:27.203Z"}
{"level":"debug","message":"Client acquired from pool","processID":362,"timestamp":"2025-07-07T14:37:27.204Z"}
{"level":"info","message":"Database connected successfully","poolStatus":{"idleCount":0,"totalCount":1,"waitingCount":0},"timestamp":"2025-07-07T14:37:27.206Z","version":"PostgreSQL 15.13 on x86_64-pc-linux-musl, compiled by gcc (Alpine 14.2.0) 14.2.0, 64-bit"}
{"level":"debug","message":"Client released to pool","processID":362,"timestamp":"2025-07-07T14:37:27.215Z"}
{"idleCount":1,"level":"debug","message":"Database pool status","timestamp":"2025-07-07T14:37:56.783Z","totalCount":1,"waitingCount":0}
{"level":"debug","message":"New database client connected","processID":364,"timestamp":"2025-07-07T14:38:13.216Z"}
{"level":"debug","message":"Client acquired from pool","processID":364,"timestamp":"2025-07-07T14:38:13.224Z"}
{"level":"info","message":"Database connected successfully","poolStatus":{"idleCount":0,"totalCount":1,"waitingCount":0},"timestamp":"2025-07-07T14:38:13.229Z","version":"PostgreSQL 15.13 on x86_64-pc-linux-musl, compiled by gcc (Alpine 14.2.0) 14.2.0, 64-bit"}
{"level":"debug","message":"Client released to pool","processID":364,"timestamp":"2025-07-07T14:38:13.246Z"}
{"idleCount":1,"level":"debug","message":"Database pool status","timestamp":"2025-07-07T14:38:41.855Z","totalCount":1,"waitingCount":0}
{"level":"debug","message":"New database client connected","processID":366,"timestamp":"2025-07-07T14:39:34.136Z"}
{"level":"debug","message":"Client acquired from pool","processID":366,"timestamp":"2025-07-07T14:39:34.137Z"}
{"level":"info","message":"Database connected successfully","poolStatus":{"idleCount":0,"totalCount":1,"waitingCount":0},"timestamp":"2025-07-07T14:39:34.138Z","version":"PostgreSQL 15.13 on x86_64-pc-linux-musl, compiled by gcc (Alpine 14.2.0) 14.2.0, 64-bit"}
{"level":"debug","message":"Client released to pool","processID":366,"timestamp":"2025-07-07T14:39:34.146Z"}
{"idleCount":1,"level":"debug","message":"Database pool status","timestamp":"2025-07-07T14:40:03.674Z","totalCount":1,"waitingCount":0}
{"level":"debug","message":"New database client connected","processID":375,"timestamp":"2025-07-07T14:47:25.345Z"}
{"level":"debug","message":"Client acquired from pool","processID":375,"timestamp":"2025-07-07T14:47:25.348Z"}
{"level":"info","message":"Database connected successfully","poolStatus":{"idleCount":0,"totalCount":1,"waitingCount":0},"timestamp":"2025-07-07T14:47:25.349Z","version":"PostgreSQL 15.13 on x86_64-pc-linux-musl, compiled by gcc (Alpine 14.2.0) 14.2.0, 64-bit"}
{"level":"debug","message":"Client released to pool","processID":375,"timestamp":"2025-07-07T14:47:25.356Z"}
{"level":"debug","message":"New database client connected","processID":376,"timestamp":"2025-07-07T14:47:41.007Z"}
{"level":"debug","message":"Client acquired from pool","processID":376,"timestamp":"2025-07-07T14:47:41.009Z"}
{"level":"info","message":"Database connected successfully","poolStatus":{"idleCount":0,"totalCount":1,"waitingCount":0},"timestamp":"2025-07-07T14:47:41.010Z","version":"PostgreSQL 15.13 on x86_64-pc-linux-musl, compiled by gcc (Alpine 14.2.0) 14.2.0, 64-bit"}
{"level":"debug","message":"Client released to pool","processID":376,"timestamp":"2025-07-07T14:47:41.016Z"}
{"level":"debug","message":"New database client connected","processID":377,"timestamp":"2025-07-07T14:48:00.872Z"}
{"level":"debug","message":"Client acquired from pool","processID":377,"timestamp":"2025-07-07T14:48:00.878Z"}
{"level":"info","message":"Database connected successfully","poolStatus":{"idleCount":0,"totalCount":1,"waitingCount":0},"timestamp":"2025-07-07T14:48:00.885Z","version":"PostgreSQL 15.13 on x86_64-pc-linux-musl, compiled by gcc (Alpine 14.2.0) 14.2.0, 64-bit"}
{"level":"debug","message":"Client released to pool","processID":377,"timestamp":"2025-07-07T14:48:00.912Z"}
{"level":"debug","message":"New database client connected","processID":379,"timestamp":"2025-07-07T14:48:19.145Z"}
{"level":"debug","message":"Client acquired from pool","processID":379,"timestamp":"2025-07-07T14:48:19.149Z"}
{"level":"info","message":"Database connected successfully","poolStatus":{"idleCount":0,"totalCount":1,"waitingCount":0},"timestamp":"2025-07-07T14:48:19.152Z","version":"PostgreSQL 15.13 on x86_64-pc-linux-musl, compiled by gcc (Alpine 14.2.0) 14.2.0, 64-bit"}
{"level":"debug","message":"Client released to pool","processID":379,"timestamp":"2025-07-07T14:48:19.160Z"}
{"idleCount":1,"level":"debug","message":"Database pool status","timestamp":"2025-07-07T14:48:48.599Z","totalCount":1,"waitingCount":0}
{"level":"debug","message":"New database client connected","processID":381,"timestamp":"2025-07-07T14:49:15.345Z"}
{"level":"debug","message":"Client acquired from pool","processID":381,"timestamp":"2025-07-07T14:49:15.348Z"}
{"level":"info","message":"Database connected successfully","poolStatus":{"idleCount":0,"totalCount":1,"waitingCount":0},"timestamp":"2025-07-07T14:49:15.352Z","version":"PostgreSQL 15.13 on x86_64-pc-linux-musl, compiled by gcc (Alpine 14.2.0) 14.2.0, 64-bit"}
{"level":"debug","message":"Client released to pool","processID":381,"timestamp":"2025-07-07T14:49:15.361Z"}
{"idleCount":1,"level":"debug","message":"Database pool status","timestamp":"2025-07-07T14:49:44.805Z","totalCount":1,"waitingCount":0}
{"level":"debug","message":"New database client connected","processID":383,"timestamp":"2025-07-07T14:50:23.186Z"}
{"level":"debug","message":"Client acquired from pool","processID":383,"timestamp":"2025-07-07T14:50:23.188Z"}
{"level":"info","message":"Database connected successfully","poolStatus":{"idleCount":0,"totalCount":1,"waitingCount":0},"timestamp":"2025-07-07T14:50:23.189Z","version":"PostgreSQL 15.13 on x86_64-pc-linux-musl, compiled by gcc (Alpine 14.2.0) 14.2.0, 64-bit"}
{"level":"debug","message":"Client released to pool","processID":383,"timestamp":"2025-07-07T14:50:23.197Z"}
{"level":"debug","message":"New database client connected","processID":384,"timestamp":"2025-07-07T14:50:48.144Z"}
{"level":"debug","message":"Client acquired from pool","processID":384,"timestamp":"2025-07-07T14:50:48.146Z"}
{"level":"info","message":"Database connected successfully","poolStatus":{"idleCount":0,"totalCount":1,"waitingCount":0},"timestamp":"2025-07-07T14:50:48.147Z","version":"PostgreSQL 15.13 on x86_64-pc-linux-musl, compiled by gcc (Alpine 14.2.0) 14.2.0, 64-bit"}
{"level":"debug","message":"Client released to pool","processID":384,"timestamp":"2025-07-07T14:50:48.154Z"}
{"level":"debug","message":"New database client connected","processID":386,"timestamp":"2025-07-07T14:51:11.669Z"}
{"level":"debug","message":"Client acquired from pool","processID":386,"timestamp":"2025-07-07T14:51:11.670Z"}
{"level":"info","message":"Database connected successfully","poolStatus":{"idleCount":0,"totalCount":1,"waitingCount":0},"timestamp":"2025-07-07T14:51:11.672Z","version":"PostgreSQL 15.13 on x86_64-pc-linux-musl, compiled by gcc (Alpine 14.2.0) 14.2.0, 64-bit"}
{"level":"debug","message":"Client released to pool","processID":386,"timestamp":"2025-07-07T14:51:11.676Z"}
{"idleCount":1,"level":"debug","message":"Database pool status","timestamp":"2025-07-07T14:51:41.505Z","totalCount":1,"waitingCount":0}
{"level":"debug","message":"New database client connected","processID":389,"timestamp":"2025-07-07T14:53:17.604Z"}
{"level":"debug","message":"Client acquired from pool","processID":389,"timestamp":"2025-07-07T14:53:17.605Z"}
{"level":"info","message":"Database connected successfully","poolStatus":{"idleCount":0,"totalCount":1,"waitingCount":0},"timestamp":"2025-07-07T14:53:17.607Z","version":"PostgreSQL 15.13 on x86_64-pc-linux-musl, compiled by gcc (Alpine 14.2.0) 14.2.0, 64-bit"}
{"level":"debug","message":"Client released to pool","processID":389,"timestamp":"2025-07-07T14:53:17.612Z"}
{"idleCount":1,"level":"debug","message":"Database pool status","timestamp":"2025-07-07T14:53:47.130Z","totalCount":1,"waitingCount":0}
{"level":"debug","message":"New database client connected","processID":393,"timestamp":"2025-07-07T14:56:28.274Z"}
{"level":"debug","message":"Client acquired from pool","processID":393,"timestamp":"2025-07-07T14:56:28.276Z"}
{"level":"info","message":"Database connected successfully","poolStatus":{"idleCount":0,"totalCount":1,"waitingCount":0},"timestamp":"2025-07-07T14:56:28.280Z","version":"PostgreSQL 15.13 on x86_64-pc-linux-musl, compiled by gcc (Alpine 14.2.0) 14.2.0, 64-bit"}
{"level":"debug","message":"Client released to pool","processID":393,"timestamp":"2025-07-07T14:56:28.286Z"}
{"idleCount":1,"level":"debug","message":"Database pool status","timestamp":"2025-07-07T14:56:57.849Z","totalCount":1,"waitingCount":0}
{"level":"debug","message":"New database client connected","processID":395,"timestamp":"2025-07-07T14:57:46.105Z"}
{"level":"debug","message":"Client acquired from pool","processID":395,"timestamp":"2025-07-07T14:57:46.108Z"}
{"level":"info","message":"Database connected successfully","poolStatus":{"idleCount":0,"totalCount":1,"waitingCount":0},"timestamp":"2025-07-07T14:57:46.110Z","version":"PostgreSQL 15.13 on x86_64-pc-linux-musl, compiled by gcc (Alpine 14.2.0) 14.2.0, 64-bit"}
{"level":"debug","message":"Client released to pool","processID":395,"timestamp":"2025-07-07T14:57:46.116Z"}
{"idleCount":1,"level":"debug","message":"Database pool status","timestamp":"2025-07-07T14:58:15.802Z","totalCount":1,"waitingCount":0}
{"level":"debug","message":"New database client connected","processID":398,"timestamp":"2025-07-07T14:59:17.175Z"}
{"level":"debug","message":"Client acquired from pool","processID":398,"timestamp":"2025-07-07T14:59:17.177Z"}
{"level":"info","message":"Database connected successfully","poolStatus":{"idleCount":0,"totalCount":1,"waitingCount":0},"timestamp":"2025-07-07T14:59:17.179Z","version":"PostgreSQL 15.13 on x86_64-pc-linux-musl, compiled by gcc (Alpine 14.2.0) 14.2.0, 64-bit"}
{"level":"debug","message":"Client released to pool","processID":398,"timestamp":"2025-07-07T14:59:17.185Z"}
{"idleCount":1,"level":"debug","message":"Database pool status","timestamp":"2025-07-07T14:59:46.701Z","totalCount":1,"waitingCount":0}
{"hasToken":true,"ip":"172.18.0.1","level":"info","message":"Authentication attempt","method":"GET","timestamp":"2025-07-07T15:06:03.812Z","url":"/api/users/profile","userAgent":"Mozilla/5.0 (X11; Ubuntu; Linux x86_64; rv:140.0) Gecko/20100101 Firefox/140.0"}
{"duration":1,"ip":"172.18.0.1","level":"info","message":"Authentication successful","timestamp":"2025-07-07T15:06:03.814Z","url":"/api/users/profile","userId":"user_2zKPi6dxQxXAMp1yvs1U6STLyG9"}
{"level":"debug","message":"New database client connected","processID":410,"timestamp":"2025-07-07T15:06:03.843Z"}
{"level":"debug","message":"Client acquired from pool","processID":410,"timestamp":"2025-07-07T15:06:03.844Z"}
{"level":"debug","message":"Client released to pool","processID":410,"timestamp":"2025-07-07T15:06:03.860Z"}
{"level":"debug","message":"Client acquired from pool","processID":410,"timestamp":"2025-07-07T15:06:03.861Z"}
{"level":"debug","message":"Client released to pool","processID":410,"timestamp":"2025-07-07T15:06:03.871Z"}
{"hasToken":true,"ip":"172.18.0.1","level":"info","message":"Authentication attempt","method":"GET","timestamp":"2025-07-07T15:06:05.065Z","url":"/api/users/dashboard-stats","userAgent":"Mozilla/5.0 (X11; Ubuntu; Linux x86_64; rv:140.0) Gecko/20100101 Firefox/140.0"}
{"duration":2,"ip":"172.18.0.1","level":"info","message":"Authentication successful","timestamp":"2025-07-07T15:06:05.067Z","url":"/api/users/dashboard-stats","userId":"user_2zKPi6dxQxXAMp1yvs1U6STLyG9"}
{"level":"debug","message":"Client acquired from pool","processID":410,"timestamp":"2025-07-07T15:06:05.072Z"}
{"hasToken":true,"ip":"172.18.0.1","level":"info","message":"Authentication attempt","method":"GET","timestamp":"2025-07-07T15:06:05.076Z","url":"/api/users/dashboard-appointments?limit=5","userAgent":"Mozilla/5.0 (X11; Ubuntu; Linux x86_64; rv:140.0) Gecko/20100101 Firefox/140.0"}
{"duration":2,"ip":"172.18.0.1","level":"info","message":"Authentication successful","timestamp":"2025-07-07T15:06:05.077Z","url":"/api/users/dashboard-appointments?limit=5","userId":"user_2zKPi6dxQxXAMp1yvs1U6STLyG9"}
{"level":"debug","message":"Client released to pool","processID":410,"timestamp":"2025-07-07T15:06:05.090Z"}
{"hasToken":true,"ip":"172.18.0.1","level":"info","message":"Authentication attempt","method":"GET","timestamp":"2025-07-07T15:06:05.125Z","url":"/api/users/dashboard-stats","userAgent":"Mozilla/5.0 (X11; Ubuntu; Linux x86_64; rv:140.0) Gecko/20100101 Firefox/140.0"}
{"duration":3,"ip":"172.18.0.1","level":"info","message":"Authentication successful","timestamp":"2025-07-07T15:06:05.128Z","url":"/api/users/dashboard-stats","userId":"user_2zKPi6dxQxXAMp1yvs1U6STLyG9"}
{"level":"debug","message":"Client acquired from pool","processID":410,"timestamp":"2025-07-07T15:06:05.132Z"}
{"level":"debug","message":"Client released to pool","processID":410,"timestamp":"2025-07-07T15:06:05.147Z"}
{"level":"debug","message":"New database client connected","processID":411,"timestamp":"2025-07-07T15:06:05.154Z"}
{"level":"debug","message":"Client acquired from pool","processID":411,"timestamp":"2025-07-07T15:06:05.155Z"}
{"level":"debug","message":"Client released to pool","processID":411,"timestamp":"2025-07-07T15:06:05.175Z"}
{"hasToken":true,"ip":"172.18.0.1","level":"info","message":"Authentication attempt","method":"GET","timestamp":"2025-07-07T15:06:05.210Z","url":"/api/users/dashboard-appointments?limit=5","userAgent":"Mozilla/5.0 (X11; Ubuntu; Linux x86_64; rv:140.0) Gecko/20100101 Firefox/140.0"}
{"duration":3,"ip":"172.18.0.1","level":"info","message":"Authentication successful","timestamp":"2025-07-07T15:06:05.213Z","url":"/api/users/dashboard-appointments?limit=5","userId":"user_2zKPi6dxQxXAMp1yvs1U6STLyG9"}
{"level":"debug","message":"Client acquired from pool","processID":411,"timestamp":"2025-07-07T15:06:05.217Z"}
{"level":"debug","message":"Client released to pool","processID":411,"timestamp":"2025-07-07T15:06:05.227Z"}
{"hasToken":true,"ip":"172.18.0.1","level":"info","message":"Authentication attempt","method":"GET","timestamp":"2025-07-07T15:06:16.422Z","url":"/api/users/profile","userAgent":"Mozilla/5.0 (X11; Ubuntu; Linux x86_64; rv:140.0) Gecko/20100101 Firefox/140.0"}
{"duration":1,"ip":"172.18.0.1","level":"info","message":"Authentication successful","timestamp":"2025-07-07T15:06:16.423Z","url":"/api/users/profile","userId":"user_2zKPi6dxQxXAMp1yvs1U6STLyG9"}
{"level":"debug","message":"Client acquired from pool","processID":411,"timestamp":"2025-07-07T15:06:16.428Z"}
{"level":"debug","message":"Client released to pool","processID":411,"timestamp":"2025-07-07T15:06:16.438Z"}
{"level":"debug","message":"Client acquired from pool","processID":411,"timestamp":"2025-07-07T15:06:16.439Z"}
{"level":"debug","message":"Client released to pool","processID":411,"timestamp":"2025-07-07T15:06:16.453Z"}
{"hasToken":true,"ip":"172.18.0.1","level":"info","message":"Authentication attempt","method":"GET","timestamp":"2025-07-07T15:06:16.633Z","url":"/api/users/dashboard-stats","userAgent":"Mozilla/5.0 (X11; Ubuntu; Linux x86_64; rv:140.0) Gecko/20100101 Firefox/140.0"}
{"duration":2,"ip":"172.18.0.1","level":"info","message":"Authentication successful","timestamp":"2025-07-07T15:06:16.635Z","url":"/api/users/dashboard-stats","userId":"user_2zKPi6dxQxXAMp1yvs1U6STLyG9"}
{"level":"debug","message":"Client acquired from pool","processID":411,"timestamp":"2025-07-07T15:06:16.640Z"}
{"hasToken":true,"ip":"172.18.0.1","level":"info","message":"Authentication attempt","method":"GET","timestamp":"2025-07-07T15:06:16.644Z","url":"/api/users/dashboard-appointments?limit=5","userAgent":"Mozilla/5.0 (X11; Ubuntu; Linux x86_64; rv:140.0) Gecko/20100101 Firefox/140.0"}
{"duration":6,"ip":"172.18.0.1","level":"info","message":"Authentication successful","timestamp":"2025-07-07T15:06:16.650Z","url":"/api/users/dashboard-appointments?limit=5","userId":"user_2zKPi6dxQxXAMp1yvs1U6STLyG9"}
{"level":"debug","message":"Client acquired from pool","processID":410,"timestamp":"2025-07-07T15:06:16.652Z"}
{"level":"debug","message":"Client released to pool","processID":411,"timestamp":"2025-07-07T15:06:16.661Z"}
{"level":"debug","message":"Client released to pool","processID":410,"timestamp":"2025-07-07T15:06:16.667Z"}
{"idleCount":2,"level":"debug","message":"Database pool status","timestamp":"2025-07-07T15:06:17.021Z","totalCount":2,"waitingCount":0}
{"hasToken":true,"ip":"172.18.0.1","level":"info","message":"Authentication attempt","method":"GET","timestamp":"2025-07-07T15:06:37.745Z","url":"/api/users/profile","userAgent":"Mozilla/5.0 (X11; Ubuntu; Linux x86_64; rv:140.0) Gecko/20100101 Firefox/140.0"}
{"duration":3,"ip":"172.18.0.1","level":"info","message":"Authentication successful","timestamp":"2025-07-07T15:06:37.748Z","url":"/api/users/profile","userId":"user_2zKPi6dxQxXAMp1yvs1U6STLyG9"}
{"level":"debug","message":"Client acquired from pool","processID":410,"timestamp":"2025-07-07T15:06:37.749Z"}
{"level":"debug","message":"Client released to pool","processID":410,"timestamp":"2025-07-07T15:06:37.754Z"}
{"level":"debug","message":"Client acquired from pool","processID":410,"timestamp":"2025-07-07T15:06:37.755Z"}
{"level":"debug","message":"Client released to pool","processID":410,"timestamp":"2025-07-07T15:06:37.762Z"}
{"hasToken":true,"ip":"172.18.0.1","level":"info","message":"Authentication attempt","method":"GET","timestamp":"2025-07-07T15:06:38.532Z","url":"/api/users/dashboard-stats","userAgent":"Mozilla/5.0 (X11; Ubuntu; Linux x86_64; rv:140.0) Gecko/20100101 Firefox/140.0"}
{"duration":2,"ip":"172.18.0.1","level":"info","message":"Authentication successful","timestamp":"2025-07-07T15:06:38.535Z","url":"/api/users/dashboard-stats","userId":"user_2zKPi6dxQxXAMp1yvs1U6STLyG9"}
{"level":"debug","message":"Client acquired from pool","processID":410,"timestamp":"2025-07-07T15:06:38.539Z"}
{"hasToken":true,"ip":"172.18.0.1","level":"info","message":"Authentication attempt","method":"GET","timestamp":"2025-07-07T15:06:38.543Z","url":"/api/users/dashboard-appointments?limit=5","userAgent":"Mozilla/5.0 (X11; Ubuntu; Linux x86_64; rv:140.0) Gecko/20100101 Firefox/140.0"}
{"duration":3,"ip":"172.18.0.1","level":"info","message":"Authentication successful","timestamp":"2025-07-07T15:06:38.546Z","url":"/api/users/dashboard-appointments?limit=5","userId":"user_2zKPi6dxQxXAMp1yvs1U6STLyG9"}
{"level":"debug","message":"Client acquired from pool","processID":411,"timestamp":"2025-07-07T15:06:38.548Z"}
{"level":"debug","message":"Client released to pool","processID":410,"timestamp":"2025-07-07T15:06:38.558Z"}
{"level":"debug","message":"Client released to pool","processID":411,"timestamp":"2025-07-07T15:06:38.566Z"}
{"hasToken":true,"ip":"172.18.0.1","level":"info","message":"Authentication attempt","method":"GET","timestamp":"2025-07-07T15:06:38.609Z","url":"/api/users/dashboard-stats","userAgent":"Mozilla/5.0 (X11; Ubuntu; Linux x86_64; rv:140.0) Gecko/20100101 Firefox/140.0"}
{"duration":3,"ip":"172.18.0.1","level":"info","message":"Authentication successful","timestamp":"2025-07-07T15:06:38.612Z","url":"/api/users/dashboard-stats","userId":"user_2zKPi6dxQxXAMp1yvs1U6STLyG9"}
{"level":"debug","message":"Client acquired from pool","processID":411,"timestamp":"2025-07-07T15:06:38.615Z"}
{"hasToken":true,"ip":"172.18.0.1","level":"info","message":"Authentication attempt","method":"GET","timestamp":"2025-07-07T15:06:38.627Z","url":"/api/users/dashboard-appointments?limit=5","userAgent":"Mozilla/5.0 (X11; Ubuntu; Linux x86_64; rv:140.0) Gecko/20100101 Firefox/140.0"}
{"duration":3,"ip":"172.18.0.1","level":"info","message":"Authentication successful","timestamp":"2025-07-07T15:06:38.630Z","url":"/api/users/dashboard-appointments?limit=5","userId":"user_2zKPi6dxQxXAMp1yvs1U6STLyG9"}
{"level":"debug","message":"Client acquired from pool","processID":410,"timestamp":"2025-07-07T15:06:38.632Z"}
{"level":"debug","message":"Client released to pool","processID":411,"timestamp":"2025-07-07T15:06:38.638Z"}
{"level":"debug","message":"Client released to pool","processID":410,"timestamp":"2025-07-07T15:06:38.647Z"}
{"idleCount":2,"level":"debug","message":"Database pool status","timestamp":"2025-07-07T15:06:47.024Z","totalCount":2,"waitingCount":0}
{"hasToken":true,"ip":"172.18.0.1","level":"info","message":"Authentication attempt","method":"GET","timestamp":"2025-07-07T15:06:52.215Z","url":"/api/users/profile","userAgent":"Mozilla/5.0 (X11; Ubuntu; Linux x86_64; rv:140.0) Gecko/20100101 Firefox/140.0"}
{"duration":1,"ip":"172.18.0.1","level":"info","message":"Authentication successful","timestamp":"2025-07-07T15:06:52.215Z","url":"/api/users/profile","userId":"user_2zKPi6dxQxXAMp1yvs1U6STLyG9"}
{"level":"debug","message":"Client acquired from pool","processID":410,"timestamp":"2025-07-07T15:06:52.216Z"}
{"level":"debug","message":"Client released to pool","processID":410,"timestamp":"2025-07-07T15:06:52.219Z"}
{"level":"debug","message":"Client acquired from pool","processID":410,"timestamp":"2025-07-07T15:06:52.220Z"}
{"level":"debug","message":"Client released to pool","processID":410,"timestamp":"2025-07-07T15:06:52.223Z"}
{"hasToken":true,"ip":"172.18.0.1","level":"info","message":"Authentication attempt","method":"GET","timestamp":"2025-07-07T15:06:54.502Z","url":"/api/users/dashboard-stats","userAgent":"Mozilla/5.0 (X11; Ubuntu; Linux x86_64; rv:140.0) Gecko/20100101 Firefox/140.0"}
{"duration":11,"ip":"172.18.0.1","level":"info","message":"Authentication successful","timestamp":"2025-07-07T15:06:54.507Z","url":"/api/users/dashboard-stats","userId":"user_2zKPi6dxQxXAMp1yvs1U6STLyG9"}
{"level":"debug","message":"Client acquired from pool","processID":410,"timestamp":"2025-07-07T15:06:54.511Z"}
{"hasToken":true,"ip":"172.18.0.1","level":"info","message":"Authentication attempt","method":"GET","timestamp":"2025-07-07T15:06:54.536Z","url":"/api/users/dashboard-appointments?limit=5","userAgent":"Mozilla/5.0 (X11; Ubuntu; Linux x86_64; rv:140.0) Gecko/20100101 Firefox/140.0"}
{"duration":4,"ip":"172.18.0.1","level":"info","message":"Authentication successful","timestamp":"2025-07-07T15:06:54.540Z","url":"/api/users/dashboard-appointments?limit=5","userId":"user_2zKPi6dxQxXAMp1yvs1U6STLyG9"}
{"level":"debug","message":"Client acquired from pool","processID":411,"timestamp":"2025-07-07T15:06:54.543Z"}
{"level":"debug","message":"Client released to pool","processID":410,"timestamp":"2025-07-07T15:06:54.551Z"}
{"level":"debug","message":"Client released to pool","processID":411,"timestamp":"2025-07-07T15:06:54.565Z"}
{"hasToken":true,"ip":"172.18.0.1","level":"info","message":"Authentication attempt","method":"GET","timestamp":"2025-07-07T15:06:54.611Z","url":"/api/users/dashboard-stats","userAgent":"Mozilla/5.0 (X11; Ubuntu; Linux x86_64; rv:140.0) Gecko/20100101 Firefox/140.0"}
{"duration":2,"ip":"172.18.0.1","level":"info","message":"Authentication successful","timestamp":"2025-07-07T15:06:54.612Z","url":"/api/users/dashboard-stats","userId":"user_2zKPi6dxQxXAMp1yvs1U6STLyG9"}
{"level":"debug","message":"Client acquired from pool","processID":411,"timestamp":"2025-07-07T15:06:54.620Z"}
{"hasToken":true,"ip":"172.18.0.1","level":"info","message":"Authentication attempt","method":"GET","timestamp":"2025-07-07T15:06:54.629Z","url":"/api/users/dashboard-appointments?limit=5","userAgent":"Mozilla/5.0 (X11; Ubuntu; Linux x86_64; rv:140.0) Gecko/20100101 Firefox/140.0"}
{"duration":3,"ip":"172.18.0.1","level":"info","message":"Authentication successful","timestamp":"2025-07-07T15:06:54.632Z","url":"/api/users/dashboard-appointments?limit=5","userId":"user_2zKPi6dxQxXAMp1yvs1U6STLyG9"}
{"level":"debug","message":"Client acquired from pool","processID":410,"timestamp":"2025-07-07T15:06:54.634Z"}
{"level":"debug","message":"Client released to pool","processID":411,"timestamp":"2025-07-07T15:06:54.640Z"}
{"level":"debug","message":"Client released to pool","processID":410,"timestamp":"2025-07-07T15:06:54.650Z"}
{"idleCount":2,"level":"debug","message":"Database pool status","timestamp":"2025-07-07T15:07:17.030Z","totalCount":2,"waitingCount":0}
{"level":"debug","message":"New database client connected","processID":422,"timestamp":"2025-07-07T15:11:58.050Z"}
{"level":"debug","message":"Client acquired from pool","processID":422,"timestamp":"2025-07-07T15:11:58.054Z"}
{"level":"info","message":"Database connected successfully","poolStatus":{"idleCount":0,"totalCount":1,"waitingCount":0},"timestamp":"2025-07-07T15:11:58.059Z","version":"PostgreSQL 15.13 on x86_64-pc-linux-musl, compiled by gcc (Alpine 14.2.0) 14.2.0, 64-bit"}
{"level":"debug","message":"Client released to pool","processID":422,"timestamp":"2025-07-07T15:11:58.071Z"}
{"idleCount":1,"level":"debug","message":"Database pool status","timestamp":"2025-07-07T15:12:26.997Z","totalCount":1,"waitingCount":0}
{"level":"debug","message":"New database client connected","processID":424,"timestamp":"2025-07-07T15:13:01.804Z"}
{"level":"debug","message":"Client acquired from pool","processID":424,"timestamp":"2025-07-07T15:13:01.806Z"}
{"level":"info","message":"Database connected successfully","poolStatus":{"idleCount":0,"totalCount":1,"waitingCount":0},"timestamp":"2025-07-07T15:13:01.808Z","version":"PostgreSQL 15.13 on x86_64-pc-linux-musl, compiled by gcc (Alpine 14.2.0) 14.2.0, 64-bit"}
{"level":"debug","message":"Client released to pool","processID":424,"timestamp":"2025-07-07T15:13:01.813Z"}
{"level":"warn","message":"No SMTP configuration found. Using test mode.","timestamp":"2025-07-07T20:14:10.392Z"}
{"level":"warn","message":"No SMTP configuration found. Using test mode.","timestamp":"2025-07-07T20:14:10.878Z"}
{"level":"warn","message":"No SMTP configuration found. Using test mode.","timestamp":"2025-07-07T20:14:17.630Z"}
{"level":"warn","message":"No SMTP configuration found. Using test mode.","timestamp":"2025-07-07T20:14:18.145Z"}
{"level":"warn","message":"No SMTP configuration found. Using test mode.","timestamp":"2025-07-07T20:14:24.635Z"}
{"level":"warn","message":"No SMTP configuration found. Using test mode.","timestamp":"2025-07-08T10:27:51.779Z"}
{"level":"warn","message":"No SMTP configuration found. Using test mode.","timestamp":"2025-07-08T10:37:21.976Z"}
{"level":"warn","message":"No SMTP configuration found. Using test mode.","timestamp":"2025-07-08T10:38:31.157Z"}
{"level":"warn","message":"No SMTP configuration found. Using test mode.","timestamp":"2025-07-08T10:40:03.306Z"}
{"level":"warn","message":"No SMTP configuration found. Using test mode.","timestamp":"2025-07-08T10:41:19.591Z"}
{"level":"warn","message":"No SMTP configuration found. Using test mode.","timestamp":"2025-07-08T10:42:24.380Z"}
{"level":"debug","message":"Executing query","paramCount":0,"query":"-- Migration 016: Add payment system tables\r\n-- Phase 9: Payment integration with Stripe\r\n\r\n-- Start...","queryId":"mrlcrjxve","timestamp":"2025-07-08T10:44:32.619Z"}
{"level":"debug","message":"New database client connected","processID":38,"timestamp":"2025-07-08T10:44:32.651Z"}
{"level":"debug","message":"Client acquired from pool","processID":38,"timestamp":"2025-07-08T10:44:32.651Z"}
{"event":"pool_release_error","level":"error","message":"column \"clerk_id\" referenced in foreign key constraint does not exist","processID":38,"stack":"error: column \"clerk_id\" referenced in foreign key constraint does not exist\n    at Parser.parseErrorMessage (/home/vers/Proyectos/mundoctor/backend/node_modules/pg-protocol/dist/parser.js:285:98)\n    at Parser.handlePacket (/home/vers/Proyectos/mundoctor/backend/node_modules/pg-protocol/dist/parser.js:122:29)\n    at Parser.parse (/home/vers/Proyectos/mundoctor/backend/node_modules/pg-protocol/dist/parser.js:35:38)\n    at Socket.<anonymous> (/home/vers/Proyectos/mundoctor/backend/node_modules/pg-protocol/dist/index.js:11:42)\n    at Socket.emit (node:events:517:28)\n    at addChunk (node:internal/streams/readable:368:12)\n    at readableAddChunk (node:internal/streams/readable:341:9)\n    at Readable.push (node:internal/streams/readable:278:10)\n    at TCP.onStreamRead (node:internal/stream_base_commons:190:23)","timestamp":"2025-07-08T10:44:32.674Z"}
{"level":"debug","message":"Executing query","paramCount":0,"query":"\n      SELECT column_name, data_type \n      FROM information_schema.columns \n      WHERE table_name ...","queryId":"wsbfpn7wk","timestamp":"2025-07-08T10:44:42.542Z"}
{"level":"debug","message":"New database client connected","processID":39,"timestamp":"2025-07-08T10:44:42.571Z"}
{"level":"debug","message":"Client acquired from pool","processID":39,"timestamp":"2025-07-08T10:44:42.571Z"}
{"level":"debug","message":"Client released to pool","processID":39,"timestamp":"2025-07-08T10:44:42.595Z"}
{"level":"debug","message":"Executing query","paramCount":0,"query":"-- Migration 016: Add payment system tables\r\n-- Phase 9: Payment integration with Stripe\r\n\r\n-- Start...","queryId":"er10rxi7y","timestamp":"2025-07-08T10:44:53.278Z"}
{"level":"debug","message":"New database client connected","processID":41,"timestamp":"2025-07-08T10:44:53.303Z"}
{"level":"debug","message":"Client acquired from pool","processID":41,"timestamp":"2025-07-08T10:44:53.303Z"}
{"event":"pool_release_error","level":"error","message":"foreign key constraint \"invoices_subscription_id_fkey\" cannot be implemented","processID":41,"stack":"error: foreign key constraint \"invoices_subscription_id_fkey\" cannot be implemented\n    at Parser.parseErrorMessage (/home/vers/Proyectos/mundoctor/backend/node_modules/pg-protocol/dist/parser.js:285:98)\n    at Parser.handlePacket (/home/vers/Proyectos/mundoctor/backend/node_modules/pg-protocol/dist/parser.js:122:29)\n    at Parser.parse (/home/vers/Proyectos/mundoctor/backend/node_modules/pg-protocol/dist/parser.js:35:38)\n    at Socket.<anonymous> (/home/vers/Proyectos/mundoctor/backend/node_modules/pg-protocol/dist/index.js:11:42)\n    at Socket.emit (node:events:517:28)\n    at addChunk (node:internal/streams/readable:368:12)\n    at readableAddChunk (node:internal/streams/readable:341:9)\n    at Readable.push (node:internal/streams/readable:278:10)\n    at TCP.onStreamRead (node:internal/stream_base_commons:190:23)","timestamp":"2025-07-08T10:44:53.335Z"}
{"level":"debug","message":"Executing query","paramCount":0,"query":"-- Migration 016: Add payment system tables (Version 2)\r\n-- Phase 9: Payment integration with Stripe...","queryId":"xroe13ytq","timestamp":"2025-07-08T10:45:34.282Z"}
{"level":"debug","message":"New database client connected","processID":42,"timestamp":"2025-07-08T10:45:34.304Z"}
{"level":"debug","message":"Client acquired from pool","processID":42,"timestamp":"2025-07-08T10:45:34.304Z"}
{"level":"debug","message":"Client released to pool","processID":42,"timestamp":"2025-07-08T10:45:34.403Z"}
{"duration":123,"level":"debug","message":"Query completed","queryId":"xroe13ytq","timestamp":"2025-07-08T10:45:34.404Z"}
{"level":"debug","message":"Executing query","paramCount":0,"query":"\n      SELECT table_name \n      FROM information_schema.tables \n      WHERE table_schema = 'public' ...","queryId":"tm9forbco","timestamp":"2025-07-08T10:45:34.405Z"}
{"level":"debug","message":"Client acquired from pool","processID":42,"timestamp":"2025-07-08T10:45:34.406Z"}
{"level":"debug","message":"Client released to pool","processID":42,"timestamp":"2025-07-08T10:45:34.417Z"}
{"level":"debug","message":"Executing query","paramCount":0,"query":"\n      SELECT column_name, data_type \n      FROM information_schema.columns \n      WHERE table_name ...","queryId":"wjr1m02o9","timestamp":"2025-07-08T10:51:24.156Z"}
{"level":"debug","message":"New database client connected","processID":49,"timestamp":"2025-07-08T10:51:24.178Z"}
{"level":"debug","message":"Client acquired from pool","processID":49,"timestamp":"2025-07-08T10:51:24.178Z"}
{"level":"debug","message":"Client released to pool","processID":49,"timestamp":"2025-07-08T10:51:24.194Z"}
{"duration":41,"level":"debug","message":"Query completed","queryId":"wjr1m02o9","rows":11,"timestamp":"2025-07-08T10:51:24.195Z"}
{"level":"debug","message":"Executing query","paramCount":0,"query":"\n      SELECT id, name, email, role, status, created_at\n      FROM users \n      WHERE role = 'profes...","queryId":"97ozl6810","timestamp":"2025-07-08T10:51:24.197Z"}
{"level":"debug","message":"Client acquired from pool","processID":49,"timestamp":"2025-07-08T10:51:24.198Z"}
{"level":"debug","message":"Client released to pool","processID":49,"timestamp":"2025-07-08T10:51:24.206Z"}
{"duration":10,"level":"debug","message":"Query completed","queryId":"97ozl6810","rows":4,"timestamp":"2025-07-08T10:51:24.207Z"}
{"level":"debug","message":"Executing query","paramCount":0,"query":"\n      SELECT table_name \n      FROM information_schema.tables \n      WHERE table_schema = 'public' ...","queryId":"cqzrir41d","timestamp":"2025-07-08T10:51:24.209Z"}
{"level":"debug","message":"Client acquired from pool","processID":49,"timestamp":"2025-07-08T10:51:24.210Z"}
{"level":"debug","message":"Client released to pool","processID":49,"timestamp":"2025-07-08T10:51:24.215Z"}
{"level":"debug","message":"Executing query","paramCount":0,"query":"\n      SELECT column_name, data_type, is_nullable\n      FROM information_schema.columns \n      WHERE...","queryId":"tbwhzcosl","timestamp":"2025-07-08T10:51:41.495Z"}
{"level":"debug","message":"New database client connected","processID":50,"timestamp":"2025-07-08T10:51:41.519Z"}
{"level":"debug","message":"Client acquired from pool","processID":50,"timestamp":"2025-07-08T10:51:41.520Z"}
{"level":"debug","message":"Client released to pool","processID":50,"timestamp":"2025-07-08T10:51:41.537Z"}
{"duration":45,"level":"debug","message":"Query completed","queryId":"tbwhzcosl","rows":23,"timestamp":"2025-07-08T10:51:41.538Z"}
{"level":"debug","message":"Executing query","paramCount":0,"query":"\n      SELECT p.*, u.name, u.email, u.status as user_status\n      FROM professionals p\n      JOIN us...","queryId":"cx5nhduz5","timestamp":"2025-07-08T10:51:41.541Z"}
{"level":"debug","message":"Client acquired from pool","processID":50,"timestamp":"2025-07-08T10:51:41.544Z"}
{"level":"debug","message":"Client released to pool","processID":50,"timestamp":"2025-07-08T10:51:41.559Z"}
{"duration":19,"level":"debug","message":"Query completed","queryId":"cx5nhduz5","rows":3,"timestamp":"2025-07-08T10:51:41.559Z"}
{"level":"debug","message":"Executing query","paramCount":0,"query":"\n      SELECT COUNT(*) as count\n      FROM information_schema.tables \n      WHERE table_name = 'serv...","queryId":"16bm60261","timestamp":"2025-07-08T10:51:41.560Z"}
{"level":"debug","message":"Client acquired from pool","processID":50,"timestamp":"2025-07-08T10:51:41.561Z"}
{"level":"debug","message":"Client released to pool","processID":50,"timestamp":"2025-07-08T10:51:41.569Z"}
{"level":"debug","message":"Executing query","paramCount":0,"query":"\n      SELECT table_name \n      FROM information_schema.tables \n      WHERE table_schema = 'public' ...","queryId":"og1b1syf5","timestamp":"2025-07-08T10:52:15.771Z"}
{"level":"debug","message":"New database client connected","processID":52,"timestamp":"2025-07-08T10:52:15.800Z"}
{"level":"debug","message":"Client acquired from pool","processID":52,"timestamp":"2025-07-08T10:52:15.800Z"}
{"level":"debug","message":"Client released to pool","processID":52,"timestamp":"2025-07-08T10:52:15.810Z"}
{"duration":41,"level":"debug","message":"Query completed","queryId":"og1b1syf5","rows":1,"timestamp":"2025-07-08T10:52:15.811Z"}
{"level":"debug","message":"Executing query","paramCount":1,"query":"\n        SELECT column_name, data_type\n        FROM information_schema.columns \n        WHERE table_...","queryId":"g7ckasbkn","timestamp":"2025-07-08T10:52:15.812Z"}
{"level":"debug","message":"Client acquired from pool","processID":52,"timestamp":"2025-07-08T10:52:15.813Z"}
{"event":"pool_release_error","level":"error","message":"syntax error at or near \"ORDER\"","processID":52,"stack":"error: syntax error at or near \"ORDER\"\n    at Parser.parseErrorMessage (/home/vers/Proyectos/mundoctor/backend/node_modules/pg-protocol/dist/parser.js:285:98)\n    at Parser.handlePacket (/home/vers/Proyectos/mundoctor/backend/node_modules/pg-protocol/dist/parser.js:122:29)\n    at Parser.parse (/home/vers/Proyectos/mundoctor/backend/node_modules/pg-protocol/dist/parser.js:35:38)\n    at Socket.<anonymous> (/home/vers/Proyectos/mundoctor/backend/node_modules/pg-protocol/dist/index.js:11:42)\n    at Socket.emit (node:events:517:28)\n    at addChunk (node:internal/streams/readable:368:12)\n    at readableAddChunk (node:internal/streams/readable:341:9)\n    at Readable.push (node:internal/streams/readable:278:10)\n    at TCP.onStreamRead (node:internal/stream_base_commons:190:23)","timestamp":"2025-07-08T10:52:15.816Z"}
{"level":"debug","message":"Executing query","paramCount":0,"query":"\n      SELECT column_name, data_type\n      FROM information_schema.columns \n      WHERE table_name =...","queryId":"2hu49b1pd","timestamp":"2025-07-08T10:52:26.980Z"}
{"level":"debug","message":"New database client connected","processID":53,"timestamp":"2025-07-08T10:52:27.001Z"}
{"level":"debug","message":"Client acquired from pool","processID":53,"timestamp":"2025-07-08T10:52:27.002Z"}
{"level":"debug","message":"Client released to pool","processID":53,"timestamp":"2025-07-08T10:52:27.014Z"}
{"duration":37,"level":"debug","message":"Query completed","queryId":"2hu49b1pd","rows":5,"timestamp":"2025-07-08T10:52:27.015Z"}
{"level":"debug","message":"Executing query","paramCount":0,"query":"SELECT * FROM specialties LIMIT 10","queryId":"5kne61lxm","timestamp":"2025-07-08T10:52:27.016Z"}
{"level":"debug","message":"Client acquired from pool","processID":53,"timestamp":"2025-07-08T10:52:27.016Z"}
{"level":"debug","message":"Client released to pool","processID":53,"timestamp":"2025-07-08T10:52:27.020Z"}
{"level":"warn","message":"No SMTP configuration found. Using test mode.","timestamp":"2025-07-08T10:55:04.618Z"}
{"level":"warn","message":"No SMTP configuration found. Using test mode.","timestamp":"2025-07-08T10:55:34.430Z"}
{"level":"warn","message":"No SMTP configuration found. Using test mode.","timestamp":"2025-07-08T10:55:42.613Z"}
{"level":"warn","message":"No SMTP configuration found. Using test mode.","timestamp":"2025-07-08T10:55:49.300Z"}
{"level":"warn","message":"No SMTP configuration found. Using test mode.","timestamp":"2025-07-08T10:55:54.982Z"}
{"level":"warn","message":"No SMTP configuration found. Using test mode.","timestamp":"2025-07-08T10:56:01.234Z"}
{"level":"warn","message":"No SMTP configuration found. Using test mode.","timestamp":"2025-07-08T10:57:24.263Z"}
{"level":"warn","message":"No SMTP configuration found. Using test mode.","timestamp":"2025-07-08T10:58:24.210Z"}
{"level":"warn","message":"No SMTP configuration found. Using test mode.","timestamp":"2025-07-08T10:58:42.827Z"}
{"level":"debug","message":"Executing query","paramCount":0,"query":"\n      SELECT \n        p.id,\n        p.user_id,\n        u.name,\n        u.email,\n        p.specialty...","queryId":"oeg7p3vaq","timestamp":"2025-07-08T10:58:46.060Z"}
{"level":"debug","message":"New database client connected","processID":60,"timestamp":"2025-07-08T10:58:46.083Z"}
{"level":"debug","message":"Client acquired from pool","processID":60,"timestamp":"2025-07-08T10:58:46.083Z"}
{"level":"debug","message":"Client released to pool","processID":60,"timestamp":"2025-07-08T10:58:46.100Z"}
{"duration":43,"level":"debug","message":"Query completed","queryId":"oeg7p3vaq","rows":0,"timestamp":"2025-07-08T10:58:46.101Z"}
{"level":"debug","message":"Executing query","paramCount":0,"query":"SELECT id, name FROM specialties LIMIT 5","queryId":"9ugssc0ot","timestamp":"2025-07-08T10:58:46.101Z"}
{"level":"debug","message":"Client acquired from pool","processID":60,"timestamp":"2025-07-08T10:58:46.102Z"}
{"level":"debug","message":"Client released to pool","processID":60,"timestamp":"2025-07-08T10:58:46.103Z"}
{"level":"debug","message":"Executing query","paramCount":0,"query":"\n      SELECT u.role, u.status, COUNT(*) as count\n      FROM users u\n      WHERE u.role = 'professio...","queryId":"jxoqcqmlk","timestamp":"2025-07-08T10:59:00.722Z"}
{"level":"debug","message":"New database client connected","processID":62,"timestamp":"2025-07-08T10:59:00.750Z"}
{"level":"debug","message":"Client acquired from pool","processID":62,"timestamp":"2025-07-08T10:59:00.751Z"}
{"level":"debug","message":"Client released to pool","processID":62,"timestamp":"2025-07-08T10:59:00.758Z"}
{"duration":39,"level":"debug","message":"Query completed","queryId":"jxoqcqmlk","rows":2,"timestamp":"2025-07-08T10:59:00.759Z"}
{"level":"debug","message":"Executing query","paramCount":0,"query":"\n      SELECT \n        p.id,\n        u.name,\n        u.status,\n        p.city\n      FROM professiona...","queryId":"p7bvifqez","timestamp":"2025-07-08T10:59:00.760Z"}
{"level":"debug","message":"Client acquired from pool","processID":62,"timestamp":"2025-07-08T10:59:00.760Z"}
{"level":"debug","message":"Client released to pool","processID":62,"timestamp":"2025-07-08T10:59:00.764Z"}
{"level":"warn","message":"No SMTP configuration found. Using test mode.","timestamp":"2025-07-08T10:59:11.206Z"}
{"level":"warn","message":"No SMTP configuration found. Using test mode.","timestamp":"2025-07-08T10:59:17.500Z"}
{"level":"warn","message":"No SMTP configuration found. Using test mode.","timestamp":"2025-07-08T10:59:23.400Z"}
{"level":"warn","message":"No SMTP configuration found. Using test mode.","timestamp":"2025-07-08T10:59:30.612Z"}
{"level":"debug","message":"Executing query","paramCount":0,"query":"\n      SELECT \n        p.id,\n        p.user_id,\n        u.name,\n        u.email,\n        p.specialty...","queryId":"ewg7hzayi","timestamp":"2025-07-08T10:59:35.063Z"}
{"level":"debug","message":"New database client connected","processID":63,"timestamp":"2025-07-08T10:59:35.092Z"}
{"level":"debug","message":"Client acquired from pool","processID":63,"timestamp":"2025-07-08T10:59:35.092Z"}
{"level":"debug","message":"Client released to pool","processID":63,"timestamp":"2025-07-08T10:59:35.108Z"}
{"duration":47,"level":"debug","message":"Query completed","queryId":"ewg7hzayi","rows":3,"timestamp":"2025-07-08T10:59:35.109Z"}
{"level":"debug","message":"Executing query","paramCount":0,"query":"SELECT id, name FROM specialties LIMIT 5","queryId":"8pvrj305o","timestamp":"2025-07-08T10:59:35.110Z"}
{"level":"debug","message":"Client acquired from pool","processID":63,"timestamp":"2025-07-08T10:59:35.110Z"}
{"level":"debug","message":"Client released to pool","processID":63,"timestamp":"2025-07-08T10:59:35.112Z"}
{"level":"warn","message":"No SMTP configuration found. Using test mode.","timestamp":"2025-07-08T10:59:57.197Z"}
{"level":"debug","message":"Executing query","paramCount":4,"query":"\n      SELECT \n        p.id,\n        p.user_id,\n        u.name,\n        u.email,\n        u.phone,\n  ...","queryId":"hbg8sjb3v","timestamp":"2025-07-08T11:00:38.267Z"}
{"level":"debug","message":"New database client connected","processID":65,"timestamp":"2025-07-08T11:00:38.328Z"}
{"level":"debug","message":"Client acquired from pool","processID":65,"timestamp":"2025-07-08T11:00:38.329Z"}
{"level":"debug","message":"Client released to pool","processID":65,"timestamp":"2025-07-08T11:00:38.369Z"}
{"duration":109,"level":"debug","message":"Query completed","queryId":"hbg8sjb3v","rows":3,"timestamp":"2025-07-08T11:00:38.370Z"}
{"level":"debug","message":"Executing query","paramCount":0,"query":"\n      SELECT \n        s.id,\n        s.name,\n        s.description,\n        s.icon,\n        COUNT(p....","queryId":"vq47nudie","timestamp":"2025-07-08T11:00:45.644Z"}
{"level":"debug","message":"Client acquired from pool","processID":65,"timestamp":"2025-07-08T11:00:45.645Z"}
{"level":"debug","message":"Client released to pool","processID":65,"timestamp":"2025-07-08T11:00:45.662Z"}
{"duration":21,"level":"debug","message":"Query completed","queryId":"vq47nudie","rows":16,"timestamp":"2025-07-08T11:00:45.665Z"}
{"level":"debug","message":"Executing query","paramCount":5,"query":"\n      SELECT \n        p.id,\n        p.user_id,\n        u.name,\n        u.email,\n        u.phone,\n  ...","queryId":"eu2fuotkj","timestamp":"2025-07-08T11:00:52.242Z"}
{"level":"debug","message":"Client acquired from pool","processID":65,"timestamp":"2025-07-08T11:00:52.244Z"}
{"level":"debug","message":"Client released to pool","processID":65,"timestamp":"2025-07-08T11:00:52.258Z"}
{"duration":18,"level":"debug","message":"Query completed","queryId":"eu2fuotkj","rows":1,"timestamp":"2025-07-08T11:00:52.260Z"}
{"idleCount":1,"level":"debug","message":"Database pool status","timestamp":"2025-07-08T11:00:57.792Z","totalCount":1,"waitingCount":0}
{"level":"warn","message":"No SMTP configuration found. Using test mode.","timestamp":"2025-07-08T11:08:33.696Z"}
{"level":"debug","message":"Executing query","paramCount":4,"query":"\n      SELECT \n        p.id,\n        p.user_id,\n        u.name,\n        u.email,\n        u.phone,\n  ...","queryId":"ktrjzwdcy","timestamp":"2025-07-08T11:16:33.176Z"}
{"level":"debug","message":"New database client connected","processID":82,"timestamp":"2025-07-08T11:16:33.221Z"}
{"level":"debug","message":"Client acquired from pool","processID":82,"timestamp":"2025-07-08T11:16:33.222Z"}
{"level":"debug","message":"Client released to pool","processID":82,"timestamp":"2025-07-08T11:16:33.266Z"}
{"duration":96,"level":"debug","message":"Query completed","queryId":"ktrjzwdcy","rows":3,"timestamp":"2025-07-08T11:16:33.267Z"}
{"level":"debug","message":"Executing query","paramCount":0,"query":"\n      SELECT \n        s.id,\n        s.name,\n        s.description,\n        s.icon,\n        COUNT(p....","queryId":"cidkormv6","timestamp":"2025-07-08T11:16:41.023Z"}
{"level":"debug","message":"Client acquired from pool","processID":82,"timestamp":"2025-07-08T11:16:41.024Z"}
{"level":"debug","message":"Client released to pool","processID":82,"timestamp":"2025-07-08T11:16:41.035Z"}
{"duration":13,"level":"debug","message":"Query completed","queryId":"cidkormv6","rows":16,"timestamp":"2025-07-08T11:16:41.036Z"}
{"level":"warn","message":"No SMTP configuration found. Using test mode.","timestamp":"2025-07-08T11:17:40.016Z"}
{"level":"debug","message":"Executing query","paramCount":4,"query":"\n      SELECT \n        p.id,\n        p.user_id,\n        u.name,\n        u.email,\n        u.phone,\n  ...","queryId":"o4uwzipj4","timestamp":"2025-07-08T11:27:09.367Z"}
{"level":"debug","message":"New database client connected","processID":94,"timestamp":"2025-07-08T11:27:09.385Z"}
{"level":"debug","message":"Client acquired from pool","processID":94,"timestamp":"2025-07-08T11:27:09.385Z"}
{"level":"debug","message":"Client released to pool","processID":94,"timestamp":"2025-07-08T11:27:09.398Z"}
{"duration":33,"level":"debug","message":"Query completed","queryId":"o4uwzipj4","rows":3,"timestamp":"2025-07-08T11:27:09.398Z"}
{"level":"debug","message":"Executing query","paramCount":0,"query":"\n      SELECT \n        s.id,\n        s.name,\n        s.description,\n        s.icon,\n        COUNT(p....","queryId":"u20e8jil9","timestamp":"2025-07-08T11:27:21.015Z"}
{"level":"debug","message":"Client acquired from pool","processID":94,"timestamp":"2025-07-08T11:27:21.015Z"}
{"level":"debug","message":"Client released to pool","processID":94,"timestamp":"2025-07-08T11:27:21.019Z"}
{"duration":6,"level":"debug","message":"Query completed","queryId":"u20e8jil9","rows":16,"timestamp":"2025-07-08T11:27:21.021Z"}
{"idleCount":1,"level":"debug","message":"Database pool status","timestamp":"2025-07-08T11:27:26.543Z","totalCount":1,"waitingCount":0}
{"level":"debug","message":"Executing query","paramCount":0,"query":"\n      SELECT \n        s.id,\n        s.name,\n        s.description,\n        s.icon,\n        COUNT(p....","queryId":"cwhy77p96","timestamp":"2025-07-08T11:27:56.653Z"}
{"level":"debug","message":"Executing query","paramCount":0,"query":"\n      SELECT \n        s.id,\n        s.name,\n        s.description,\n        s.icon,\n        COUNT(p....","queryId":"12euuu9ma","timestamp":"2025-07-08T11:27:56.654Z"}
{"level":"debug","message":"New database client connected","processID":97,"timestamp":"2025-07-08T11:27:56.665Z"}
{"level":"debug","message":"Client acquired from pool","processID":97,"timestamp":"2025-07-08T11:27:56.665Z"}
{"level":"debug","message":"New database client connected","processID":96,"timestamp":"2025-07-08T11:27:56.666Z"}
{"level":"debug","message":"Client acquired from pool","processID":96,"timestamp":"2025-07-08T11:27:56.666Z"}
{"level":"debug","message":"Client released to pool","processID":96,"timestamp":"2025-07-08T11:27:56.685Z"}
{"duration":33,"level":"debug","message":"Query completed","queryId":"cwhy77p96","rows":16,"timestamp":"2025-07-08T11:27:56.686Z"}
{"level":"debug","message":"Client released to pool","processID":97,"timestamp":"2025-07-08T11:27:56.691Z"}
{"duration":38,"level":"debug","message":"Query completed","queryId":"12euuu9ma","rows":16,"timestamp":"2025-07-08T11:27:56.692Z"}
{"level":"debug","message":"Executing query","paramCount":4,"query":"\n      SELECT \n        p.id,\n        p.user_id,\n        u.name,\n        u.email,\n        u.phone,\n  ...","queryId":"setw0mopd","timestamp":"2025-07-08T11:27:56.716Z"}
{"level":"debug","message":"Client acquired from pool","processID":97,"timestamp":"2025-07-08T11:27:56.717Z"}
{"level":"debug","message":"Client released to pool","processID":97,"timestamp":"2025-07-08T11:27:56.721Z"}
{"duration":6,"level":"debug","message":"Query completed","queryId":"setw0mopd","rows":3,"timestamp":"2025-07-08T11:27:56.721Z"}
{"level":"debug","message":"Executing query","paramCount":0,"query":"\n      SELECT \n        s.id,\n        s.name,\n        s.description,\n        s.icon,\n        COUNT(p....","queryId":"yex2t2hzm","timestamp":"2025-07-08T11:28:00.800Z"}
{"level":"debug","message":"Client acquired from pool","processID":97,"timestamp":"2025-07-08T11:28:00.801Z"}
{"level":"debug","message":"Executing query","paramCount":0,"query":"\n      SELECT \n        s.id,\n        s.name,\n        s.description,\n        s.icon,\n        COUNT(p....","queryId":"gswp2hoq3","timestamp":"2025-07-08T11:28:00.802Z"}
{"level":"debug","message":"Client acquired from pool","processID":96,"timestamp":"2025-07-08T11:28:00.803Z"}
{"level":"debug","message":"Client released to pool","processID":96,"timestamp":"2025-07-08T11:28:00.811Z"}
{"duration":10,"level":"debug","message":"Query completed","queryId":"gswp2hoq3","rows":16,"timestamp":"2025-07-08T11:28:00.812Z"}
{"level":"debug","message":"Client released to pool","processID":97,"timestamp":"2025-07-08T11:28:00.814Z"}
{"duration":15,"level":"debug","message":"Query completed","queryId":"yex2t2hzm","rows":16,"timestamp":"2025-07-08T11:28:00.814Z"}
{"level":"debug","message":"Executing query","paramCount":4,"query":"\n      SELECT \n        p.id,\n        p.user_id,\n        u.name,\n        u.email,\n        u.phone,\n  ...","queryId":"uvfxw9w2k","timestamp":"2025-07-08T11:28:00.822Z"}
{"level":"debug","message":"Client acquired from pool","processID":97,"timestamp":"2025-07-08T11:28:00.823Z"}
{"level":"debug","message":"Client released to pool","processID":97,"timestamp":"2025-07-08T11:28:00.826Z"}
{"duration":5,"level":"debug","message":"Query completed","queryId":"uvfxw9w2k","rows":3,"timestamp":"2025-07-08T11:28:00.827Z"}
{"level":"debug","message":"Executing query","paramCount":4,"query":"\n      SELECT \n        p.id,\n        p.user_id,\n        u.name,\n        u.email,\n        u.phone,\n  ...","queryId":"k99q1j099","timestamp":"2025-07-08T11:28:00.832Z"}
{"level":"debug","message":"Client acquired from pool","processID":97,"timestamp":"2025-07-08T11:28:00.833Z"}
{"level":"debug","message":"Client released to pool","processID":97,"timestamp":"2025-07-08T11:28:00.836Z"}
{"duration":6,"level":"debug","message":"Query completed","queryId":"k99q1j099","rows":3,"timestamp":"2025-07-08T11:28:00.837Z"}
{"idleCount":2,"level":"debug","message":"Database pool status","timestamp":"2025-07-08T11:28:26.570Z","totalCount":2,"waitingCount":0}
{"level":"debug","message":"Executing query","paramCount":0,"query":"\n      SELECT \n        s.id,\n        s.name,\n        s.description,\n        s.icon,\n        COUNT(p....","queryId":"9zzet3e8d","timestamp":"2025-07-08T11:31:54.166Z"}
{"level":"debug","message":"Executing query","paramCount":0,"query":"\n      SELECT \n        s.id,\n        s.name,\n        s.description,\n        s.icon,\n        COUNT(p....","queryId":"4e3fnd0nu","timestamp":"2025-07-08T11:31:54.167Z"}
{"level":"debug","message":"New database client connected","processID":102,"timestamp":"2025-07-08T11:31:54.186Z"}
{"level":"debug","message":"Client acquired from pool","processID":102,"timestamp":"2025-07-08T11:31:54.187Z"}
{"level":"debug","message":"New database client connected","processID":103,"timestamp":"2025-07-08T11:31:54.193Z"}
{"level":"debug","message":"Client acquired from pool","processID":103,"timestamp":"2025-07-08T11:31:54.194Z"}
{"level":"debug","message":"Client released to pool","processID":102,"timestamp":"2025-07-08T11:31:54.212Z"}
{"duration":47,"level":"debug","message":"Query completed","queryId":"9zzet3e8d","rows":16,"timestamp":"2025-07-08T11:31:54.214Z"}
{"level":"debug","message":"Client released to pool","processID":103,"timestamp":"2025-07-08T11:31:54.230Z"}
{"duration":63,"level":"debug","message":"Query completed","queryId":"4e3fnd0nu","rows":16,"timestamp":"2025-07-08T11:31:54.230Z"}
{"level":"debug","message":"Executing query","paramCount":4,"query":"\n      SELECT \n        p.id,\n        p.user_id,\n        u.name,\n        u.email,\n        u.phone,\n  ...","queryId":"5gkv8tv2h","timestamp":"2025-07-08T11:31:54.240Z"}
{"level":"debug","message":"Client acquired from pool","processID":103,"timestamp":"2025-07-08T11:31:54.241Z"}
{"level":"debug","message":"Client released to pool","processID":103,"timestamp":"2025-07-08T11:31:54.246Z"}
{"duration":7,"level":"debug","message":"Query completed","queryId":"5gkv8tv2h","rows":3,"timestamp":"2025-07-08T11:31:54.247Z"}
{"level":"debug","message":"Executing query","paramCount":4,"query":"\n      SELECT \n        p.id,\n        p.user_id,\n        u.name,\n        u.email,\n        u.phone,\n  ...","queryId":"zcmpzr2ac","timestamp":"2025-07-08T11:31:54.256Z"}
{"level":"debug","message":"Client acquired from pool","processID":103,"timestamp":"2025-07-08T11:31:54.256Z"}
{"level":"debug","message":"Client released to pool","processID":103,"timestamp":"2025-07-08T11:31:54.263Z"}
{"duration":8,"level":"debug","message":"Query completed","queryId":"zcmpzr2ac","rows":3,"timestamp":"2025-07-08T11:31:54.264Z"}
{"idleCount":2,"level":"debug","message":"Database pool status","timestamp":"2025-07-08T11:31:56.747Z","totalCount":2,"waitingCount":0}
{"level":"debug","message":"Executing query","paramCount":0,"query":"\n      SELECT \n        s.id,\n        s.name,\n        s.description,\n        s.icon,\n        COUNT(p....","queryId":"mehlbicm3","timestamp":"2025-07-08T11:32:09.661Z"}
{"level":"debug","message":"Client acquired from pool","processID":103,"timestamp":"2025-07-08T11:32:09.661Z"}
{"level":"debug","message":"Executing query","paramCount":0,"query":"\n      SELECT \n        s.id,\n        s.name,\n        s.description,\n        s.icon,\n        COUNT(p....","queryId":"buixpb3ds","timestamp":"2025-07-08T11:32:09.662Z"}
{"level":"debug","message":"Client acquired from pool","processID":102,"timestamp":"2025-07-08T11:32:09.663Z"}
{"level":"debug","message":"Client released to pool","processID":103,"timestamp":"2025-07-08T11:32:09.668Z"}
{"duration":9,"level":"debug","message":"Query completed","queryId":"mehlbicm3","rows":16,"timestamp":"2025-07-08T11:32:09.670Z"}
{"level":"debug","message":"Client released to pool","processID":102,"timestamp":"2025-07-08T11:32:09.673Z"}
{"duration":11,"level":"debug","message":"Query completed","queryId":"buixpb3ds","rows":16,"timestamp":"2025-07-08T11:32:09.674Z"}
{"level":"debug","message":"Executing query","paramCount":4,"query":"\n      SELECT \n        p.id,\n        p.user_id,\n        u.name,\n        u.email,\n        u.phone,\n  ...","queryId":"uyksmlqem","timestamp":"2025-07-08T11:32:09.735Z"}
{"level":"debug","message":"Client acquired from pool","processID":102,"timestamp":"2025-07-08T11:32:09.735Z"}
{"level":"debug","message":"Client released to pool","processID":102,"timestamp":"2025-07-08T11:32:09.742Z"}
{"duration":7,"level":"debug","message":"Query completed","queryId":"uyksmlqem","rows":3,"timestamp":"2025-07-08T11:32:09.742Z"}
{"level":"debug","message":"Executing query","paramCount":0,"query":"\n      SELECT \n        s.id,\n        s.name,\n        s.description,\n        s.icon,\n        COUNT(p....","queryId":"ny9k0vxkm","timestamp":"2025-07-08T11:32:13.984Z"}
{"level":"debug","message":"Client acquired from pool","processID":102,"timestamp":"2025-07-08T11:32:13.985Z"}
{"level":"debug","message":"Executing query","paramCount":0,"query":"\n      SELECT \n        s.id,\n        s.name,\n        s.description,\n        s.icon,\n        COUNT(p....","queryId":"i23lntvfu","timestamp":"2025-07-08T11:32:13.986Z"}
{"level":"debug","message":"Client acquired from pool","processID":103,"timestamp":"2025-07-08T11:32:13.986Z"}
{"level":"debug","message":"Client released to pool","processID":102,"timestamp":"2025-07-08T11:32:13.988Z"}
{"duration":4,"level":"debug","message":"Query completed","queryId":"ny9k0vxkm","rows":16,"timestamp":"2025-07-08T11:32:13.988Z"}
{"level":"debug","message":"Client released to pool","processID":103,"timestamp":"2025-07-08T11:32:13.993Z"}
{"duration":8,"level":"debug","message":"Query completed","queryId":"i23lntvfu","rows":16,"timestamp":"2025-07-08T11:32:13.994Z"}
{"level":"debug","message":"Executing query","paramCount":4,"query":"\n      SELECT \n        p.id,\n        p.user_id,\n        u.name,\n        u.email,\n        u.phone,\n  ...","queryId":"pmd9dgl13","timestamp":"2025-07-08T11:32:14.035Z"}
{"level":"debug","message":"Client acquired from pool","processID":103,"timestamp":"2025-07-08T11:32:14.036Z"}
{"level":"debug","message":"Client released to pool","processID":103,"timestamp":"2025-07-08T11:32:14.042Z"}
{"duration":7,"level":"debug","message":"Query completed","queryId":"pmd9dgl13","rows":3,"timestamp":"2025-07-08T11:32:14.042Z"}
{"level":"debug","message":"Executing query","paramCount":0,"query":"\n      SELECT \n        s.id,\n        s.name,\n        s.description,\n        s.icon,\n        COUNT(p....","queryId":"a3y6vudj5","timestamp":"2025-07-08T11:32:17.005Z"}
{"level":"debug","message":"Client acquired from pool","processID":103,"timestamp":"2025-07-08T11:32:17.005Z"}
{"level":"debug","message":"Executing query","paramCount":0,"query":"\n      SELECT \n        s.id,\n        s.name,\n        s.description,\n        s.icon,\n        COUNT(p....","queryId":"u47jnfyrr","timestamp":"2025-07-08T11:32:17.005Z"}
{"level":"debug","message":"Client acquired from pool","processID":102,"timestamp":"2025-07-08T11:32:17.006Z"}
{"level":"debug","message":"Client released to pool","processID":103,"timestamp":"2025-07-08T11:32:17.008Z"}
{"duration":3,"level":"debug","message":"Query completed","queryId":"a3y6vudj5","rows":16,"timestamp":"2025-07-08T11:32:17.008Z"}
{"level":"debug","message":"Client released to pool","processID":102,"timestamp":"2025-07-08T11:32:17.010Z"}
{"duration":5,"level":"debug","message":"Query completed","queryId":"u47jnfyrr","rows":16,"timestamp":"2025-07-08T11:32:17.010Z"}
{"level":"debug","message":"Executing query","paramCount":4,"query":"\n      SELECT \n        p.id,\n        p.user_id,\n        u.name,\n        u.email,\n        u.phone,\n  ...","queryId":"0awe8xp63","timestamp":"2025-07-08T11:32:17.038Z"}
{"level":"debug","message":"Client acquired from pool","processID":102,"timestamp":"2025-07-08T11:32:17.039Z"}
{"level":"debug","message":"Client released to pool","processID":102,"timestamp":"2025-07-08T11:32:17.044Z"}
{"duration":6,"level":"debug","message":"Query completed","queryId":"0awe8xp63","rows":3,"timestamp":"2025-07-08T11:32:17.044Z"}
{"level":"debug","message":"Executing query","paramCount":0,"query":"\n      SELECT \n        s.id,\n        s.name,\n        s.description,\n        s.icon,\n        COUNT(p....","queryId":"adnk3rfn6","timestamp":"2025-07-08T11:32:23.085Z"}
{"level":"debug","message":"Client acquired from pool","processID":102,"timestamp":"2025-07-08T11:32:23.086Z"}
{"level":"debug","message":"Executing query","paramCount":0,"query":"\n      SELECT \n        s.id,\n        s.name,\n        s.description,\n        s.icon,\n        COUNT(p....","queryId":"umxowndh","timestamp":"2025-07-08T11:32:23.087Z"}
{"level":"debug","message":"Client acquired from pool","processID":103,"timestamp":"2025-07-08T11:32:23.087Z"}
{"level":"debug","message":"Client released to pool","processID":102,"timestamp":"2025-07-08T11:32:23.089Z"}
{"duration":5,"level":"debug","message":"Query completed","queryId":"adnk3rfn6","rows":16,"timestamp":"2025-07-08T11:32:23.090Z"}
{"level":"debug","message":"Client released to pool","processID":103,"timestamp":"2025-07-08T11:32:23.094Z"}
{"duration":7,"level":"debug","message":"Query completed","queryId":"umxowndh","rows":16,"timestamp":"2025-07-08T11:32:23.095Z"}
{"level":"debug","message":"Executing query","paramCount":4,"query":"\n      SELECT \n        p.id,\n        p.user_id,\n        u.name,\n        u.email,\n        u.phone,\n  ...","queryId":"qipecs0sw","timestamp":"2025-07-08T11:32:23.131Z"}
{"level":"debug","message":"Client acquired from pool","processID":103,"timestamp":"2025-07-08T11:32:23.131Z"}
{"level":"debug","message":"Client released to pool","processID":103,"timestamp":"2025-07-08T11:32:23.136Z"}
{"duration":6,"level":"debug","message":"Query completed","queryId":"qipecs0sw","rows":3,"timestamp":"2025-07-08T11:32:23.136Z"}
{"idleCount":2,"level":"debug","message":"Database pool status","timestamp":"2025-07-08T11:32:26.749Z","totalCount":2,"waitingCount":0}
{"level":"debug","message":"Executing query","paramCount":4,"query":"\n      SELECT \n        p.id,\n        p.user_id,\n        u.name,\n        u.email,\n        u.phone,\n  ...","queryId":"9v9wjk7k9","timestamp":"2025-07-08T11:35:11.480Z"}
{"level":"debug","message":"New database client connected","processID":107,"timestamp":"2025-07-08T11:35:11.488Z"}
{"level":"debug","message":"Client acquired from pool","processID":107,"timestamp":"2025-07-08T11:35:11.488Z"}
{"level":"debug","message":"Client released to pool","processID":107,"timestamp":"2025-07-08T11:35:11.496Z"}
{"duration":17,"level":"debug","message":"Query completed","queryId":"9v9wjk7k9","rows":3,"timestamp":"2025-07-08T11:35:11.497Z"}
{"idleCount":1,"level":"debug","message":"Database pool status","timestamp":"2025-07-08T11:35:26.877Z","totalCount":1,"waitingCount":0}
{"level":"debug","message":"Executing query","paramCount":0,"query":"\n      SELECT \n        s.id,\n        s.name,\n        s.description,\n        s.icon,\n        COUNT(p....","queryId":"p2xt3wvpo","timestamp":"2025-07-08T11:36:33.343Z"}
{"level":"debug","message":"Executing query","paramCount":0,"query":"\n      SELECT \n        s.id,\n        s.name,\n        s.description,\n        s.icon,\n        COUNT(p....","queryId":"ga56hm1br","timestamp":"2025-07-08T11:36:33.343Z"}
{"level":"debug","message":"New database client connected","processID":109,"timestamp":"2025-07-08T11:36:33.358Z"}
{"level":"debug","message":"Client acquired from pool","processID":109,"timestamp":"2025-07-08T11:36:33.358Z"}
{"level":"debug","message":"New database client connected","processID":110,"timestamp":"2025-07-08T11:36:33.360Z"}
{"level":"debug","message":"Client acquired from pool","processID":110,"timestamp":"2025-07-08T11:36:33.360Z"}
{"level":"debug","message":"Client released to pool","processID":109,"timestamp":"2025-07-08T11:36:33.376Z"}
{"duration":34,"level":"debug","message":"Query completed","queryId":"p2xt3wvpo","rows":16,"timestamp":"2025-07-08T11:36:33.376Z"}
{"level":"debug","message":"Client released to pool","processID":110,"timestamp":"2025-07-08T11:36:33.378Z"}
{"duration":35,"level":"debug","message":"Query completed","queryId":"ga56hm1br","rows":16,"timestamp":"2025-07-08T11:36:33.378Z"}
{"level":"debug","message":"Executing query","paramCount":4,"query":"\n      SELECT \n        p.id,\n        p.user_id,\n        u.name,\n        u.email,\n        u.phone,\n  ...","queryId":"11us37ix8","timestamp":"2025-07-08T11:36:33.388Z"}
{"level":"debug","message":"Client acquired from pool","processID":110,"timestamp":"2025-07-08T11:36:33.388Z"}
{"level":"debug","message":"Executing query","paramCount":4,"query":"\n      SELECT \n        p.id,\n        p.user_id,\n        u.name,\n        u.email,\n        u.phone,\n  ...","queryId":"61ldqj0ek","timestamp":"2025-07-08T11:36:33.391Z"}
{"level":"debug","message":"Client acquired from pool","processID":109,"timestamp":"2025-07-08T11:36:33.391Z"}
{"level":"debug","message":"Client released to pool","processID":110,"timestamp":"2025-07-08T11:36:33.392Z"}
{"duration":4,"level":"debug","message":"Query completed","queryId":"11us37ix8","rows":3,"timestamp":"2025-07-08T11:36:33.393Z"}
{"level":"debug","message":"Client released to pool","processID":109,"timestamp":"2025-07-08T11:36:33.398Z"}
{"duration":7,"level":"debug","message":"Query completed","queryId":"61ldqj0ek","rows":3,"timestamp":"2025-07-08T11:36:33.398Z"}
{"level":"debug","message":"Executing query","paramCount":0,"query":"\n      SELECT \n        s.id,\n        s.name,\n        s.description,\n        s.icon,\n        COUNT(p....","queryId":"muvvqw4ia","timestamp":"2025-07-08T11:36:35.110Z"}
{"level":"debug","message":"Client acquired from pool","processID":109,"timestamp":"2025-07-08T11:36:35.110Z"}
{"level":"debug","message":"Client released to pool","processID":109,"timestamp":"2025-07-08T11:36:35.117Z"}
{"duration":7,"level":"debug","message":"Query completed","queryId":"muvvqw4ia","rows":16,"timestamp":"2025-07-08T11:36:35.117Z"}
{"level":"debug","message":"Executing query","paramCount":0,"query":"\n      SELECT \n        s.id,\n        s.name,\n        s.description,\n        s.icon,\n        COUNT(p....","queryId":"sqcxt09km","timestamp":"2025-07-08T11:36:35.124Z"}
{"level":"debug","message":"Client acquired from pool","processID":109,"timestamp":"2025-07-08T11:36:35.125Z"}
{"level":"debug","message":"Client released to pool","processID":109,"timestamp":"2025-07-08T11:36:35.131Z"}
{"duration":7,"level":"debug","message":"Query completed","queryId":"sqcxt09km","rows":16,"timestamp":"2025-07-08T11:36:35.132Z"}
{"level":"debug","message":"Executing query","paramCount":4,"query":"\n      SELECT \n        p.id,\n        p.user_id,\n        u.name,\n        u.email,\n        u.phone,\n  ...","queryId":"sbuk2mkcb","timestamp":"2025-07-08T11:36:35.147Z"}
{"level":"debug","message":"Client acquired from pool","processID":109,"timestamp":"2025-07-08T11:36:35.149Z"}
{"level":"debug","message":"Client released to pool","processID":109,"timestamp":"2025-07-08T11:36:35.153Z"}
{"duration":8,"level":"debug","message":"Query completed","queryId":"sbuk2mkcb","rows":3,"timestamp":"2025-07-08T11:36:35.154Z"}
{"level":"debug","message":"Executing query","paramCount":4,"query":"\n      SELECT \n        p.id,\n        p.user_id,\n        u.name,\n        u.email,\n        u.phone,\n  ...","queryId":"qap3k99w1","timestamp":"2025-07-08T11:36:35.159Z"}
{"level":"debug","message":"Client acquired from pool","processID":109,"timestamp":"2025-07-08T11:36:35.160Z"}
{"level":"debug","message":"Client released to pool","processID":109,"timestamp":"2025-07-08T11:36:35.165Z"}
{"duration":8,"level":"debug","message":"Query completed","queryId":"qap3k99w1","rows":3,"timestamp":"2025-07-08T11:36:35.166Z"}
{"idleCount":2,"level":"debug","message":"Database pool status","timestamp":"2025-07-08T11:36:56.910Z","totalCount":2,"waitingCount":0}
{"level":"debug","message":"Executing query","paramCount":0,"query":"\n      SELECT \n        s.id,\n        s.name,\n        s.description,\n        s.icon,\n        COUNT(p....","queryId":"hwidwrc0k","timestamp":"2025-07-08T11:37:54.319Z"}
{"level":"debug","message":"Executing query","paramCount":0,"query":"\n      SELECT \n        s.id,\n        s.name,\n        s.description,\n        s.icon,\n        COUNT(p....","queryId":"v41at3sb6","timestamp":"2025-07-08T11:37:54.320Z"}
{"level":"debug","message":"New database client connected","processID":113,"timestamp":"2025-07-08T11:37:54.336Z"}
{"level":"debug","message":"Client acquired from pool","processID":113,"timestamp":"2025-07-08T11:37:54.337Z"}
{"level":"debug","message":"New database client connected","processID":114,"timestamp":"2025-07-08T11:37:54.339Z"}
{"level":"debug","message":"Client acquired from pool","processID":114,"timestamp":"2025-07-08T11:37:54.339Z"}
{"level":"debug","message":"Client released to pool","processID":113,"timestamp":"2025-07-08T11:37:54.355Z"}
{"duration":37,"level":"debug","message":"Query completed","queryId":"hwidwrc0k","rows":16,"timestamp":"2025-07-08T11:37:54.356Z"}
{"level":"debug","message":"Client released to pool","processID":114,"timestamp":"2025-07-08T11:37:54.362Z"}
{"duration":43,"level":"debug","message":"Query completed","queryId":"v41at3sb6","rows":16,"timestamp":"2025-07-08T11:37:54.363Z"}
{"level":"debug","message":"Executing query","paramCount":4,"query":"\n      SELECT \n        p.id,\n        p.user_id,\n        u.name,\n        u.email,\n        u.phone,\n  ...","queryId":"reu25rn3j","timestamp":"2025-07-08T11:37:54.383Z"}
{"level":"debug","message":"Client acquired from pool","processID":114,"timestamp":"2025-07-08T11:37:54.384Z"}
{"level":"debug","message":"Client released to pool","processID":114,"timestamp":"2025-07-08T11:37:54.398Z"}
{"duration":16,"level":"debug","message":"Query completed","queryId":"reu25rn3j","rows":3,"timestamp":"2025-07-08T11:37:54.399Z"}
{"idleCount":2,"level":"debug","message":"Database pool status","timestamp":"2025-07-08T11:37:56.932Z","totalCount":2,"waitingCount":0}
{"level":"debug","message":"Executing query","paramCount":0,"query":"\n      SELECT \n        s.id,\n        s.name,\n        s.description,\n        s.icon,\n        COUNT(p....","queryId":"bs1paumfc","timestamp":"2025-07-08T11:37:58.055Z"}
{"level":"debug","message":"Client acquired from pool","processID":114,"timestamp":"2025-07-08T11:37:58.056Z"}
{"level":"debug","message":"Client released to pool","processID":114,"timestamp":"2025-07-08T11:37:58.061Z"}
{"duration":8,"level":"debug","message":"Query completed","queryId":"bs1paumfc","rows":16,"timestamp":"2025-07-08T11:37:58.062Z"}
{"level":"debug","message":"Executing query","paramCount":0,"query":"\n      SELECT \n        s.id,\n        s.name,\n        s.description,\n        s.icon,\n        COUNT(p....","queryId":"c48r8334b","timestamp":"2025-07-08T11:37:58.069Z"}
{"level":"debug","message":"Client acquired from pool","processID":114,"timestamp":"2025-07-08T11:37:58.070Z"}
{"level":"debug","message":"Client released to pool","processID":114,"timestamp":"2025-07-08T11:37:58.082Z"}
{"duration":15,"level":"debug","message":"Query completed","queryId":"c48r8334b","rows":16,"timestamp":"2025-07-08T11:37:58.083Z"}
{"level":"debug","message":"Executing query","paramCount":4,"query":"\n      SELECT \n        p.id,\n        p.user_id,\n        u.name,\n        u.email,\n        u.phone,\n  ...","queryId":"1vx3hi8sx","timestamp":"2025-07-08T11:37:58.100Z"}
{"level":"debug","message":"Client acquired from pool","processID":114,"timestamp":"2025-07-08T11:37:58.101Z"}
{"level":"debug","message":"Client released to pool","processID":114,"timestamp":"2025-07-08T11:37:58.108Z"}
{"duration":9,"level":"debug","message":"Query completed","queryId":"1vx3hi8sx","rows":3,"timestamp":"2025-07-08T11:37:58.109Z"}
{"level":"debug","message":"Executing query","paramCount":4,"query":"\n      SELECT \n        p.id,\n        p.user_id,\n        u.name,\n        u.email,\n        u.phone,\n  ...","queryId":"4zv0036du","timestamp":"2025-07-08T11:37:58.145Z"}
{"level":"debug","message":"Client acquired from pool","processID":114,"timestamp":"2025-07-08T11:37:58.147Z"}
{"level":"debug","message":"Client released to pool","processID":114,"timestamp":"2025-07-08T11:37:58.159Z"}
{"duration":15,"level":"debug","message":"Query completed","queryId":"4zv0036du","rows":3,"timestamp":"2025-07-08T11:37:58.160Z"}
{"idleCount":1,"level":"debug","message":"Database pool status","timestamp":"2025-07-08T11:38:26.935Z","totalCount":1,"waitingCount":0}
{"level":"debug","message":"Executing query","paramCount":4,"query":"\n      SELECT \n        p.id,\n        p.user_id,\n        u.name,\n        u.email,\n        u.phone,\n  ...","queryId":"jsfupylxi","timestamp":"2025-07-08T11:39:03.292Z"}
{"level":"debug","message":"New database client connected","processID":116,"timestamp":"2025-07-08T11:39:03.317Z"}
{"level":"debug","message":"Client acquired from pool","processID":116,"timestamp":"2025-07-08T11:39:03.318Z"}
{"level":"debug","message":"Client released to pool","processID":116,"timestamp":"2025-07-08T11:39:03.354Z"}
{"duration":63,"level":"debug","message":"Query completed","queryId":"jsfupylxi","rows":3,"timestamp":"2025-07-08T11:39:03.355Z"}
{"idleCount":1,"level":"debug","message":"Database pool status","timestamp":"2025-07-08T11:39:26.957Z","totalCount":1,"waitingCount":0}
{"level":"debug","message":"Executing query","paramCount":4,"query":"\n      SELECT \n        p.id,\n        p.user_id,\n        u.name,\n        u.email,\n        u.phone,\n  ...","queryId":"f0ct7hc1j","timestamp":"2025-07-08T11:40:51.296Z"}
{"level":"debug","message":"New database client connected","processID":118,"timestamp":"2025-07-08T11:40:51.324Z"}
{"level":"debug","message":"Client acquired from pool","processID":118,"timestamp":"2025-07-08T11:40:51.325Z"}
{"level":"debug","message":"Client released to pool","processID":118,"timestamp":"2025-07-08T11:40:51.357Z"}
{"duration":62,"level":"debug","message":"Query completed","queryId":"f0ct7hc1j","rows":3,"timestamp":"2025-07-08T11:40:51.357Z"}
{"idleCount":1,"level":"debug","message":"Database pool status","timestamp":"2025-07-08T11:40:56.984Z","totalCount":1,"waitingCount":0}
{"level":"debug","message":"Executing query","paramCount":4,"query":"\n      SELECT \n        p.id,\n        p.user_id,\n        u.name,\n        u.email,\n        u.phone,\n  ...","queryId":"zmjqcwesg","timestamp":"2025-07-08T11:41:07.291Z"}
{"level":"debug","message":"Client acquired from pool","processID":118,"timestamp":"2025-07-08T11:41:07.292Z"}
{"level":"debug","message":"Client released to pool","processID":118,"timestamp":"2025-07-08T11:41:07.301Z"}
{"duration":12,"level":"debug","message":"Query completed","queryId":"zmjqcwesg","rows":3,"timestamp":"2025-07-08T11:41:07.303Z"}
{"level":"debug","message":"Executing query","paramCount":4,"query":"\n      SELECT \n        p.id,\n        p.user_id,\n        u.name,\n        u.email,\n        u.phone,\n  ...","queryId":"7368bmpv4","timestamp":"2025-07-08T11:41:07.309Z"}
{"level":"debug","message":"Client acquired from pool","processID":118,"timestamp":"2025-07-08T11:41:07.311Z"}
{"level":"debug","message":"Client released to pool","processID":118,"timestamp":"2025-07-08T11:41:07.320Z"}
{"duration":13,"level":"debug","message":"Query completed","queryId":"7368bmpv4","rows":3,"timestamp":"2025-07-08T11:41:07.322Z"}
{"level":"debug","message":"Executing query","paramCount":4,"query":"\n      SELECT \n        p.id,\n        p.user_id,\n        u.name,\n        u.email,\n        u.phone,\n  ...","queryId":"wdl57cn0y","timestamp":"2025-07-08T11:41:11.186Z"}
{"level":"debug","message":"Client acquired from pool","processID":118,"timestamp":"2025-07-08T11:41:11.187Z"}
{"level":"debug","message":"Client released to pool","processID":118,"timestamp":"2025-07-08T11:41:11.193Z"}
{"duration":7,"level":"debug","message":"Query completed","queryId":"wdl57cn0y","rows":3,"timestamp":"2025-07-08T11:41:11.193Z"}
{"level":"debug","message":"Executing query","paramCount":0,"query":"\n      SELECT \n        s.id,\n        s.name,\n        s.description,\n        s.icon,\n        COUNT(p....","queryId":"t3rkrq68b","timestamp":"2025-07-08T11:41:15.331Z"}
{"level":"debug","message":"Client acquired from pool","processID":118,"timestamp":"2025-07-08T11:41:15.331Z"}
{"level":"debug","message":"Executing query","paramCount":0,"query":"\n      SELECT \n        s.id,\n        s.name,\n        s.description,\n        s.icon,\n        COUNT(p....","queryId":"jxtds4gbe","timestamp":"2025-07-08T11:41:15.332Z"}
{"level":"debug","message":"Client released to pool","processID":118,"timestamp":"2025-07-08T11:41:15.342Z"}
{"duration":12,"level":"debug","message":"Query completed","queryId":"t3rkrq68b","rows":16,"timestamp":"2025-07-08T11:41:15.342Z"}
{"level":"debug","message":"New database client connected","processID":120,"timestamp":"2025-07-08T11:41:15.365Z"}
{"level":"debug","message":"Client acquired from pool","processID":120,"timestamp":"2025-07-08T11:41:15.365Z"}
{"level":"debug","message":"Executing query","paramCount":4,"query":"\n      SELECT \n        p.id,\n        p.user_id,\n        u.name,\n        u.email,\n        u.phone,\n  ...","queryId":"0bmcmyfyr","timestamp":"2025-07-08T11:41:15.366Z"}
{"level":"debug","message":"Client acquired from pool","processID":118,"timestamp":"2025-07-08T11:41:15.367Z"}
{"level":"debug","message":"Client released to pool","processID":118,"timestamp":"2025-07-08T11:41:15.373Z"}
{"duration":8,"level":"debug","message":"Query completed","queryId":"0bmcmyfyr","rows":3,"timestamp":"2025-07-08T11:41:15.374Z"}
{"level":"debug","message":"Client released to pool","processID":120,"timestamp":"2025-07-08T11:41:15.393Z"}
{"duration":61,"level":"debug","message":"Query completed","queryId":"jxtds4gbe","rows":16,"timestamp":"2025-07-08T11:41:15.393Z"}
{"level":"debug","message":"Executing query","paramCount":4,"query":"\n      SELECT \n        p.id,\n        p.user_id,\n        u.name,\n        u.email,\n        u.phone,\n  ...","queryId":"a7om7jf0l","timestamp":"2025-07-08T11:41:15.438Z"}
{"level":"debug","message":"Client acquired from pool","processID":120,"timestamp":"2025-07-08T11:41:15.439Z"}
{"level":"debug","message":"Client released to pool","processID":120,"timestamp":"2025-07-08T11:41:15.448Z"}
{"duration":12,"level":"debug","message":"Query completed","queryId":"a7om7jf0l","rows":3,"timestamp":"2025-07-08T11:41:15.449Z"}
{"level":"debug","message":"Executing query","paramCount":4,"query":"\n      SELECT \n        p.id,\n        p.user_id,\n        u.name,\n        u.email,\n        u.phone,\n  ...","queryId":"0jgob201n","timestamp":"2025-07-08T11:41:16.706Z"}
{"level":"debug","message":"Client acquired from pool","processID":120,"timestamp":"2025-07-08T11:41:16.707Z"}
{"level":"debug","message":"Client released to pool","processID":120,"timestamp":"2025-07-08T11:41:16.721Z"}
{"duration":17,"level":"debug","message":"Query completed","queryId":"0jgob201n","rows":3,"timestamp":"2025-07-08T11:41:16.722Z"}
{"level":"debug","message":"Executing query","paramCount":4,"query":"\n      SELECT \n        p.id,\n        p.user_id,\n        u.name,\n        u.email,\n        u.phone,\n  ...","queryId":"ukd4qy72x","timestamp":"2025-07-08T11:41:16.727Z"}
{"level":"debug","message":"Client acquired from pool","processID":120,"timestamp":"2025-07-08T11:41:16.728Z"}
{"level":"debug","message":"Client released to pool","processID":120,"timestamp":"2025-07-08T11:41:16.743Z"}
{"duration":18,"level":"debug","message":"Query completed","queryId":"ukd4qy72x","rows":3,"timestamp":"2025-07-08T11:41:16.745Z"}
{"level":"debug","message":"Executing query","paramCount":0,"query":"\n      SELECT \n        s.id,\n        s.name,\n        s.description,\n        s.icon,\n        COUNT(p....","queryId":"26n84h3f0","timestamp":"2025-07-08T11:41:17.403Z"}
{"level":"debug","message":"Client acquired from pool","processID":120,"timestamp":"2025-07-08T11:41:17.404Z"}
{"level":"debug","message":"Client released to pool","processID":120,"timestamp":"2025-07-08T11:41:17.413Z"}
{"duration":12,"level":"debug","message":"Query completed","queryId":"26n84h3f0","rows":16,"timestamp":"2025-07-08T11:41:17.414Z"}
{"level":"debug","message":"Executing query","paramCount":0,"query":"\n      SELECT \n        s.id,\n        s.name,\n        s.description,\n        s.icon,\n        COUNT(p....","queryId":"eaukwrnkj","timestamp":"2025-07-08T11:41:17.421Z"}
{"level":"debug","message":"Client acquired from pool","processID":120,"timestamp":"2025-07-08T11:41:17.423Z"}
{"level":"debug","message":"Client released to pool","processID":120,"timestamp":"2025-07-08T11:41:17.432Z"}
{"duration":13,"level":"debug","message":"Query completed","queryId":"eaukwrnkj","rows":16,"timestamp":"2025-07-08T11:41:17.433Z"}
{"level":"debug","message":"Executing query","paramCount":4,"query":"\n      SELECT \n        p.id,\n        p.user_id,\n        u.name,\n        u.email,\n        u.phone,\n  ...","queryId":"uwljutijd","timestamp":"2025-07-08T11:41:17.452Z"}
{"level":"debug","message":"Client acquired from pool","processID":120,"timestamp":"2025-07-08T11:41:17.453Z"}
{"level":"debug","message":"Client released to pool","processID":120,"timestamp":"2025-07-08T11:41:17.461Z"}
{"duration":9,"level":"debug","message":"Query completed","queryId":"uwljutijd","rows":3,"timestamp":"2025-07-08T11:41:17.462Z"}
{"level":"debug","message":"Executing query","paramCount":4,"query":"\n      SELECT \n        p.id,\n        p.user_id,\n        u.name,\n        u.email,\n        u.phone,\n  ...","queryId":"bzibxla2x","timestamp":"2025-07-08T11:41:17.472Z"}
{"level":"debug","message":"Client acquired from pool","processID":120,"timestamp":"2025-07-08T11:41:17.473Z"}
{"level":"debug","message":"Client released to pool","processID":120,"timestamp":"2025-07-08T11:41:17.481Z"}
{"duration":10,"level":"debug","message":"Query completed","queryId":"bzibxla2x","rows":3,"timestamp":"2025-07-08T11:41:17.482Z"}
{"idleCount":2,"level":"debug","message":"Database pool status","timestamp":"2025-07-08T11:41:26.988Z","totalCount":2,"waitingCount":0}
{"level":"debug","message":"Executing query","paramCount":0,"query":"\n      SELECT \n        s.id,\n        s.name,\n        s.description,\n        s.icon,\n        COUNT(p....","queryId":"ya3a7cdt1","timestamp":"2025-07-08T11:44:31.393Z"}
{"level":"debug","message":"Executing query","paramCount":0,"query":"\n      SELECT \n        s.id,\n        s.name,\n        s.description,\n        s.icon,\n        COUNT(p....","queryId":"lvf3fvs6s","timestamp":"2025-07-08T11:44:31.397Z"}
{"level":"debug","message":"New database client connected","processID":124,"timestamp":"2025-07-08T11:44:31.422Z"}
{"level":"debug","message":"Client acquired from pool","processID":124,"timestamp":"2025-07-08T11:44:31.423Z"}
{"level":"debug","message":"New database client connected","processID":125,"timestamp":"2025-07-08T11:44:31.426Z"}
{"level":"debug","message":"Client acquired from pool","processID":125,"timestamp":"2025-07-08T11:44:31.427Z"}
{"level":"debug","message":"Client released to pool","processID":125,"timestamp":"2025-07-08T11:44:31.445Z"}
{"duration":48,"level":"debug","message":"Query completed","queryId":"lvf3fvs6s","rows":16,"timestamp":"2025-07-08T11:44:31.445Z"}
{"level":"debug","message":"Client released to pool","processID":124,"timestamp":"2025-07-08T11:44:31.452Z"}
{"duration":59,"level":"debug","message":"Query completed","queryId":"ya3a7cdt1","rows":16,"timestamp":"2025-07-08T11:44:31.452Z"}
{"level":"debug","message":"Executing query","paramCount":4,"query":"\n      SELECT \n        p.id,\n        p.user_id,\n        u.name,\n        u.email,\n        u.phone,\n  ...","queryId":"t7ldobx96","timestamp":"2025-07-08T11:44:31.485Z"}
{"level":"debug","message":"Client acquired from pool","processID":124,"timestamp":"2025-07-08T11:44:31.486Z"}
{"level":"debug","message":"Client released to pool","processID":124,"timestamp":"2025-07-08T11:44:31.491Z"}
{"duration":6,"level":"debug","message":"Query completed","queryId":"t7ldobx96","rows":3,"timestamp":"2025-07-08T11:44:31.492Z"}
{"level":"debug","message":"Executing query","paramCount":4,"query":"\n      SELECT \n        p.id,\n        p.user_id,\n        u.name,\n        u.email,\n        u.phone,\n  ...","queryId":"kgexe4gbp","timestamp":"2025-07-08T11:44:33.964Z"}
{"level":"debug","message":"Client acquired from pool","processID":124,"timestamp":"2025-07-08T11:44:33.965Z"}
{"level":"debug","message":"Executing query","paramCount":4,"query":"\n      SELECT \n        p.id,\n        p.user_id,\n        u.name,\n        u.email,\n        u.phone,\n  ...","queryId":"x6sa6wkfb","timestamp":"2025-07-08T11:44:33.968Z"}
{"level":"debug","message":"Client acquired from pool","processID":125,"timestamp":"2025-07-08T11:44:33.971Z"}
{"level":"debug","message":"Client released to pool","processID":124,"timestamp":"2025-07-08T11:44:33.979Z"}
{"duration":17,"level":"debug","message":"Query completed","queryId":"kgexe4gbp","rows":3,"timestamp":"2025-07-08T11:44:33.981Z"}
{"level":"debug","message":"Client released to pool","processID":125,"timestamp":"2025-07-08T11:44:33.988Z"}
{"duration":23,"level":"debug","message":"Query completed","queryId":"x6sa6wkfb","rows":3,"timestamp":"2025-07-08T11:44:33.991Z"}
{"level":"debug","message":"Executing query","paramCount":0,"query":"\n      SELECT \n        s.id,\n        s.name,\n        s.description,\n        s.icon,\n        COUNT(p....","queryId":"c0cytojar","timestamp":"2025-07-08T11:44:36.592Z"}
{"level":"debug","message":"Client acquired from pool","processID":125,"timestamp":"2025-07-08T11:44:36.593Z"}
{"level":"debug","message":"Executing query","paramCount":0,"query":"\n      SELECT \n        s.id,\n        s.name,\n        s.description,\n        s.icon,\n        COUNT(p....","queryId":"nfs302spt","timestamp":"2025-07-08T11:44:36.594Z"}
{"level":"debug","message":"Client acquired from pool","processID":124,"timestamp":"2025-07-08T11:44:36.594Z"}
{"level":"debug","message":"Client released to pool","processID":125,"timestamp":"2025-07-08T11:44:36.600Z"}
{"duration":9,"level":"debug","message":"Query completed","queryId":"c0cytojar","rows":16,"timestamp":"2025-07-08T11:44:36.602Z"}
{"level":"debug","message":"Client released to pool","processID":124,"timestamp":"2025-07-08T11:44:36.606Z"}
{"duration":14,"level":"debug","message":"Query completed","queryId":"nfs302spt","rows":16,"timestamp":"2025-07-08T11:44:36.607Z"}
{"level":"debug","message":"Executing query","paramCount":4,"query":"\n      SELECT \n        p.id,\n        p.user_id,\n        u.name,\n        u.email,\n        u.phone,\n  ...","queryId":"lc4jo4xu4","timestamp":"2025-07-08T11:44:36.631Z"}
{"level":"debug","message":"Client acquired from pool","processID":124,"timestamp":"2025-07-08T11:44:36.632Z"}
{"level":"debug","message":"Client released to pool","processID":124,"timestamp":"2025-07-08T11:44:36.637Z"}
{"duration":6,"level":"debug","message":"Query completed","queryId":"lc4jo4xu4","rows":3,"timestamp":"2025-07-08T11:44:36.638Z"}
{"level":"debug","message":"Executing query","paramCount":4,"query":"\n      SELECT \n        p.id,\n        p.user_id,\n        u.name,\n        u.email,\n        u.phone,\n  ...","queryId":"hqssms9vb","timestamp":"2025-07-08T11:44:36.649Z"}
{"level":"debug","message":"Client acquired from pool","processID":124,"timestamp":"2025-07-08T11:44:36.649Z"}
{"level":"debug","message":"Client released to pool","processID":124,"timestamp":"2025-07-08T11:44:36.659Z"}
{"duration":11,"level":"debug","message":"Query completed","queryId":"hqssms9vb","rows":3,"timestamp":"2025-07-08T11:44:36.660Z"}
{"level":"debug","message":"Executing query","paramCount":4,"query":"\n      SELECT \n        p.id,\n        p.user_id,\n        u.name,\n        u.email,\n        u.phone,\n  ...","queryId":"79ed0j4vb","timestamp":"2025-07-08T11:44:37.805Z"}
{"level":"debug","message":"Client acquired from pool","processID":124,"timestamp":"2025-07-08T11:44:37.805Z"}
{"level":"debug","message":"Executing query","paramCount":4,"query":"\n      SELECT \n        p.id,\n        p.user_id,\n        u.name,\n        u.email,\n        u.phone,\n  ...","queryId":"0feq6o3jq","timestamp":"2025-07-08T11:44:37.807Z"}
{"level":"debug","message":"Client acquired from pool","processID":125,"timestamp":"2025-07-08T11:44:37.807Z"}
{"level":"debug","message":"Client released to pool","processID":124,"timestamp":"2025-07-08T11:44:37.815Z"}
{"duration":12,"level":"debug","message":"Query completed","queryId":"79ed0j4vb","rows":3,"timestamp":"2025-07-08T11:44:37.816Z"}
{"level":"debug","message":"Client released to pool","processID":125,"timestamp":"2025-07-08T11:44:37.821Z"}
{"duration":15,"level":"debug","message":"Query completed","queryId":"0feq6o3jq","rows":3,"timestamp":"2025-07-08T11:44:37.822Z"}
{"level":"debug","message":"Executing query","paramCount":0,"query":"\n      SELECT \n        s.id,\n        s.name,\n        s.description,\n        s.icon,\n        COUNT(p....","queryId":"2q2uzrrgi","timestamp":"2025-07-08T11:44:38.535Z"}
{"level":"debug","message":"Client acquired from pool","processID":125,"timestamp":"2025-07-08T11:44:38.536Z"}
{"level":"debug","message":"Executing query","paramCount":0,"query":"\n      SELECT \n        s.id,\n        s.name,\n        s.description,\n        s.icon,\n        COUNT(p....","queryId":"5zhetojpz","timestamp":"2025-07-08T11:44:38.538Z"}
{"level":"debug","message":"Client acquired from pool","processID":124,"timestamp":"2025-07-08T11:44:38.539Z"}
{"level":"debug","message":"Client released to pool","processID":125,"timestamp":"2025-07-08T11:44:38.546Z"}
{"duration":12,"level":"debug","message":"Query completed","queryId":"2q2uzrrgi","rows":16,"timestamp":"2025-07-08T11:44:38.547Z"}
{"level":"debug","message":"Client released to pool","processID":124,"timestamp":"2025-07-08T11:44:38.560Z"}
{"duration":23,"level":"debug","message":"Query completed","queryId":"5zhetojpz","rows":16,"timestamp":"2025-07-08T11:44:38.561Z"}
{"level":"debug","message":"Executing query","paramCount":4,"query":"\n      SELECT \n        p.id,\n        p.user_id,\n        u.name,\n        u.email,\n        u.phone,\n  ...","queryId":"rzt758531","timestamp":"2025-07-08T11:44:38.591Z"}
{"level":"debug","message":"Client acquired from pool","processID":124,"timestamp":"2025-07-08T11:44:38.591Z"}
{"level":"debug","message":"Client released to pool","processID":124,"timestamp":"2025-07-08T11:44:38.596Z"}
{"duration":6,"level":"debug","message":"Query completed","queryId":"rzt758531","rows":3,"timestamp":"2025-07-08T11:44:38.597Z"}
